        -:    0:Source:/usr/include/c++/13/bits/basic_string.h
        -:    0:Graph:fact-v2.gcno
        -:    0:Data:fact-v2.gcda
        -:    0:Runs:1
        -:    1:// Components for manipulating sequences of characters -*- C++ -*-
        -:    2:
        -:    3:// Copyright (C) 1997-2023 Free Software Foundation, Inc.
        -:    4://
        -:    5:// This file is part of the GNU ISO C++ Library.  This library is free
        -:    6:// software; you can redistribute it and/or modify it under the
        -:    7:// terms of the GNU General Public License as published by the
        -:    8:// Free Software Foundation; either version 3, or (at your option)
        -:    9:// any later version.
        -:   10:
        -:   11:// This library is distributed in the hope that it will be useful,
        -:   12:// but WITHOUT ANY WARRANTY; without even the implied warranty of
        -:   13:// MERCHANTABILITY or FITNESS FOR A PARTICULAR PURPOSE.  See the
        -:   14:// GNU General Public License for more details.
        -:   15:
        -:   16:// Under Section 7 of GPL version 3, you are granted additional
        -:   17:// permissions described in the GCC Runtime Library Exception, version
        -:   18:// 3.1, as published by the Free Software Foundation.
        -:   19:
        -:   20:// You should have received a copy of the GNU General Public License and
        -:   21:// a copy of the GCC Runtime Library Exception along with this program;
        -:   22:// see the files COPYING3 and COPYING.RUNTIME respectively.  If not, see
        -:   23:// <http://www.gnu.org/licenses/>.
        -:   24:
        -:   25:/** @file bits/basic_string.h
        -:   26: *  This is an internal header file, included by other library headers.
        -:   27: *  Do not attempt to use it directly. @headername{string}
        -:   28: */
        -:   29:
        -:   30://
        -:   31:// ISO C++ 14882: 21 Strings library
        -:   32://
        -:   33:
        -:   34:#ifndef _BASIC_STRING_H
        -:   35:#define _BASIC_STRING_H 1
        -:   36:
        -:   37:#pragma GCC system_header
        -:   38:
        -:   39:#include <ext/alloc_traits.h>
        -:   40:#include <debug/debug.h>
        -:   41:
        -:   42:#if __cplusplus >= 201103L
        -:   43:#include <initializer_list>
        -:   44:#endif
        -:   45:
        -:   46:#if __cplusplus >= 201703L
        -:   47:# include <string_view>
        -:   48:#endif
        -:   49:
        -:   50:#if ! _GLIBCXX_USE_CXX11_ABI
        -:   51:# include "cow_string.h"
        -:   52:#else
        -:   53:namespace std _GLIBCXX_VISIBILITY(default)
        -:   54:{
        -:   55:_GLIBCXX_BEGIN_NAMESPACE_VERSION
        -:   56:_GLIBCXX_BEGIN_NAMESPACE_CXX11
        -:   57:
        -:   58:#ifdef __cpp_lib_is_constant_evaluated
        -:   59:// Support P0980R1 in C++20.
        -:   60:# define __cpp_lib_constexpr_string 201907L
        -:   61:#elif __cplusplus >= 201703L && _GLIBCXX_HAVE_IS_CONSTANT_EVALUATED
        -:   62:// Support P0426R1 changes to char_traits in C++17.
        -:   63:# define __cpp_lib_constexpr_string 201611L
        -:   64:#endif
        -:   65:
        -:   66:  /**
        -:   67:   *  @class basic_string basic_string.h <string>
        -:   68:   *  @brief  Managing sequences of characters and character-like objects.
        -:   69:   *
        -:   70:   *  @ingroup strings
        -:   71:   *  @ingroup sequences
        -:   72:   *  @headerfile string
        -:   73:   *  @since C++98
        -:   74:   *
        -:   75:   *  @tparam _CharT  Type of character
        -:   76:   *  @tparam _Traits  Traits for character type, defaults to
        -:   77:   *                   char_traits<_CharT>.
        -:   78:   *  @tparam _Alloc  Allocator type, defaults to allocator<_CharT>.
        -:   79:   *
        -:   80:   *  Meets the requirements of a <a href="tables.html#65">container</a>, a
        -:   81:   *  <a href="tables.html#66">reversible container</a>, and a
        -:   82:   *  <a href="tables.html#67">sequence</a>.  Of the
        -:   83:   *  <a href="tables.html#68">optional sequence requirements</a>, only
        -:   84:   *  @c push_back, @c at, and @c %array access are supported.
        -:   85:   */
        -:   86:  template<typename _CharT, typename _Traits, typename _Alloc>
        -:   87:    class basic_string
        -:   88:    {
        -:   89:      typedef typename __gnu_cxx::__alloc_traits<_Alloc>::template
        -:   90:	rebind<_CharT>::other _Char_alloc_type;
        -:   91:
        -:   92:      typedef __gnu_cxx::__alloc_traits<_Char_alloc_type> _Alloc_traits;
        -:   93:
        -:   94:      // Types:
        -:   95:    public:
        -:   96:      typedef _Traits					traits_type;
        -:   97:      typedef typename _Traits::char_type		value_type;
        -:   98:      typedef _Char_alloc_type				allocator_type;
        -:   99:      typedef typename _Alloc_traits::size_type		size_type;
        -:  100:      typedef typename _Alloc_traits::difference_type	difference_type;
        -:  101:      typedef typename _Alloc_traits::reference		reference;
        -:  102:      typedef typename _Alloc_traits::const_reference	const_reference;
        -:  103:      typedef typename _Alloc_traits::pointer		pointer;
        -:  104:      typedef typename _Alloc_traits::const_pointer	const_pointer;
        -:  105:      typedef __gnu_cxx::__normal_iterator<pointer, basic_string>  iterator;
        -:  106:      typedef __gnu_cxx::__normal_iterator<const_pointer, basic_string>
        -:  107:							const_iterator;
        -:  108:      typedef std::reverse_iterator<const_iterator>	const_reverse_iterator;
        -:  109:      typedef std::reverse_iterator<iterator>		reverse_iterator;
        -:  110:
        -:  111:      ///  Value returned by various member functions when they fail.
        -:  112:      static const size_type	npos = static_cast<size_type>(-1);
        -:  113:
        -:  114:    protected:
        -:  115:      // type used for positions in insert, erase etc.
        -:  116:#if __cplusplus < 201103L
        -:  117:      typedef iterator __const_iterator;
        -:  118:#else
        -:  119:      typedef const_iterator __const_iterator;
        -:  120:#endif
        -:  121:
        -:  122:    private:
        -:  123:      static _GLIBCXX20_CONSTEXPR pointer
        -:  124:      _S_allocate(_Char_alloc_type& __a, size_type __n)
        -:  125:      {
        -:  126:	pointer __p = _Alloc_traits::allocate(__a, __n);
        -:  127:#if __cpp_lib_constexpr_string >= 201907L
        -:  128:	// std::char_traits begins the lifetime of characters,
        -:  129:	// but custom traits might not, so do it here.
        -:  130:	if constexpr (!is_same_v<_Traits, char_traits<_CharT>>)
        -:  131:	  if (std::__is_constant_evaluated())
        -:  132:	    // Begin the lifetime of characters in allocated storage.
        -:  133:	    for (size_type __i = 0; __i < __n; ++__i)
        -:  134:	      std::construct_at(__builtin_addressof(__p[__i]));
        -:  135:#endif
        -:  136:	return __p;
        -:  137:      }
        -:  138:
        -:  139:#if __cplusplus >= 201703L
        -:  140:      // A helper type for avoiding boiler-plate.
        -:  141:      typedef basic_string_view<_CharT, _Traits> __sv_type;
        -:  142:
        -:  143:      template<typename _Tp, typename _Res>
        -:  144:	using _If_sv = enable_if_t<
        -:  145:	  __and_<is_convertible<const _Tp&, __sv_type>,
        -:  146:		 __not_<is_convertible<const _Tp*, const basic_string*>>,
        -:  147:		 __not_<is_convertible<const _Tp&, const _CharT*>>>::value,
        -:  148:	  _Res>;
        -:  149:
        -:  150:      // Allows an implicit conversion to __sv_type.
        -:  151:      _GLIBCXX20_CONSTEXPR
        -:  152:      static __sv_type
        -:  153:      _S_to_string_view(__sv_type __svt) noexcept
        -:  154:      { return __svt; }
        -:  155:
        -:  156:      // Wraps a string_view by explicit conversion and thus
        -:  157:      // allows to add an internal constructor that does not
        -:  158:      // participate in overload resolution when a string_view
        -:  159:      // is provided.
        -:  160:      struct __sv_wrapper
        -:  161:      {
        -:  162:	_GLIBCXX20_CONSTEXPR explicit
        -:  163:	__sv_wrapper(__sv_type __sv) noexcept : _M_sv(__sv) { }
        -:  164:
        -:  165:	__sv_type _M_sv;
        -:  166:      };
        -:  167:
        -:  168:      /**
        -:  169:       *  @brief  Only internally used: Construct string from a string view
        -:  170:       *          wrapper.
        -:  171:       *  @param  __svw  string view wrapper.
        -:  172:       *  @param  __a  Allocator to use.
        -:  173:       */
        -:  174:      _GLIBCXX20_CONSTEXPR
        -:  175:      explicit
        -:  176:      basic_string(__sv_wrapper __svw, const _Alloc& __a)
        -:  177:      : basic_string(__svw._M_sv.data(), __svw._M_sv.size(), __a) { }
        -:  178:#endif
        -:  179:
        -:  180:      // Use empty-base optimization: http://www.cantrip.org/emptyopt.html
        -:  181:      struct _Alloc_hider : allocator_type // TODO check __is_final
        -:  182:      {
        -:  183:#if __cplusplus < 201103L
        -:  184:	_Alloc_hider(pointer __dat, const _Alloc& __a = _Alloc())
        -:  185:	: allocator_type(__a), _M_p(__dat) { }
        -:  186:#else
        -:  187:	_GLIBCXX20_CONSTEXPR
        -:  188:	_Alloc_hider(pointer __dat, const _Alloc& __a)
        -:  189:	: allocator_type(__a), _M_p(__dat) { }
        -:  190:
        -:  191:	_GLIBCXX20_CONSTEXPR
        -:  192:	_Alloc_hider(pointer __dat, _Alloc&& __a = _Alloc())
        -:  193:	: allocator_type(std::move(__a)), _M_p(__dat) { }
        -:  194:#endif
        -:  195:
        -:  196:	pointer _M_p; // The actual data.
        -:  197:      };
        -:  198:
        -:  199:      _Alloc_hider	_M_dataplus;
        -:  200:      size_type		_M_string_length;
        -:  201:
        -:  202:      enum { _S_local_capacity = 15 / sizeof(_CharT) };
        -:  203:
        -:  204:      union
        -:  205:      {
        -:  206:	_CharT           _M_local_buf[_S_local_capacity + 1];
        -:  207:	size_type        _M_allocated_capacity;
        -:  208:      };
        -:  209:
        -:  210:      _GLIBCXX20_CONSTEXPR
        -:  211:      void
        -:  212:      _M_data(pointer __p)
        -:  213:      { _M_dataplus._M_p = __p; }
        -:  214:
        -:  215:      _GLIBCXX20_CONSTEXPR
        -:  216:      void
        -:  217:      _M_length(size_type __length)
        -:  218:      { _M_string_length = __length; }
        -:  219:
        -:  220:      _GLIBCXX20_CONSTEXPR
        -:  221:      pointer
        -:  222:      _M_data() const
        -:  223:      { return _M_dataplus._M_p; }
        -:  224:
        -:  225:      _GLIBCXX20_CONSTEXPR
        -:  226:      pointer
        -:  227:      _M_local_data()
        -:  228:      {
        -:  229:#if __cplusplus >= 201103L
        -:  230:	return std::pointer_traits<pointer>::pointer_to(*_M_local_buf);
        -:  231:#else
        -:  232:	return pointer(_M_local_buf);
        -:  233:#endif
        -:  234:      }
        -:  235:
        -:  236:      _GLIBCXX20_CONSTEXPR
        -:  237:      const_pointer
        -:  238:      _M_local_data() const
        -:  239:      {
        -:  240:#if __cplusplus >= 201103L
        -:  241:	return std::pointer_traits<const_pointer>::pointer_to(*_M_local_buf);
        -:  242:#else
        -:  243:	return const_pointer(_M_local_buf);
        -:  244:#endif
        -:  245:      }
        -:  246:
        -:  247:      _GLIBCXX20_CONSTEXPR
        -:  248:      void
        -:  249:      _M_capacity(size_type __capacity)
        -:  250:      { _M_allocated_capacity = __capacity; }
        -:  251:
        -:  252:      _GLIBCXX20_CONSTEXPR
        -:  253:      void
        -:  254:      _M_set_length(size_type __n)
        -:  255:      {
        -:  256:	_M_length(__n);
        -:  257:	traits_type::assign(_M_data()[__n], _CharT());
        -:  258:      }
        -:  259:
        -:  260:      _GLIBCXX20_CONSTEXPR
        -:  261:      bool
        -:  262:      _M_is_local() const
        -:  263:      {
        -:  264:	if (_M_data() == _M_local_data())
        -:  265:	  {
        -:  266:	    if (_M_string_length > _S_local_capacity)
        -:  267:	      __builtin_unreachable();
        -:  268:	    return true;
        -:  269:	  }
        -:  270:	return false;
        -:  271:      }
        -:  272:
        -:  273:      // Create & Destroy
        -:  274:      _GLIBCXX20_CONSTEXPR
        -:  275:      pointer
        -:  276:      _M_create(size_type&, size_type);
        -:  277:
        -:  278:      _GLIBCXX20_CONSTEXPR
        -:  279:      void
        -:  280:      _M_dispose()
        -:  281:      {
        -:  282:	if (!_M_is_local())
        -:  283:	  _M_destroy(_M_allocated_capacity);
        -:  284:      }
        -:  285:
        -:  286:      _GLIBCXX20_CONSTEXPR
        -:  287:      void
        -:  288:      _M_destroy(size_type __size) throw()
        -:  289:      { _Alloc_traits::deallocate(_M_get_allocator(), _M_data(), __size + 1); }
        -:  290:
        -:  291:#if __cplusplus < 201103L || defined _GLIBCXX_DEFINING_STRING_INSTANTIATIONS
        -:  292:      // _M_construct_aux is used to implement the 21.3.1 para 15 which
        -:  293:      // requires special behaviour if _InIterator is an integral type
        -:  294:      template<typename _InIterator>
        -:  295:        void
        -:  296:        _M_construct_aux(_InIterator __beg, _InIterator __end,
        -:  297:			 std::__false_type)
        -:  298:	{
        -:  299:          typedef typename iterator_traits<_InIterator>::iterator_category _Tag;
        -:  300:          _M_construct(__beg, __end, _Tag());
        -:  301:	}
        -:  302:
        -:  303:      // _GLIBCXX_RESOLVE_LIB_DEFECTS
        -:  304:      // 438. Ambiguity in the "do the right thing" clause
        -:  305:      template<typename _Integer>
        -:  306:        void
        -:  307:        _M_construct_aux(_Integer __beg, _Integer __end, std::__true_type)
        -:  308:	{ _M_construct_aux_2(static_cast<size_type>(__beg), __end); }
        -:  309:
        -:  310:      void
        -:  311:      _M_construct_aux_2(size_type __req, _CharT __c)
        -:  312:      { _M_construct(__req, __c); }
        -:  313:#endif
        -:  314:
        -:  315:      // For Input Iterators, used in istreambuf_iterators, etc.
        -:  316:      template<typename _InIterator>
        -:  317:	_GLIBCXX20_CONSTEXPR
        -:  318:        void
        -:  319:        _M_construct(_InIterator __beg, _InIterator __end,
        -:  320:		     std::input_iterator_tag);
        -:  321:
        -:  322:      // For forward_iterators up to random_access_iterators, used for
        -:  323:      // string::iterator, _CharT*, etc.
        -:  324:      template<typename _FwdIterator>
        -:  325:	_GLIBCXX20_CONSTEXPR
        -:  326:        void
        -:  327:        _M_construct(_FwdIterator __beg, _FwdIterator __end,
        -:  328:		     std::forward_iterator_tag);
        -:  329:
        -:  330:      _GLIBCXX20_CONSTEXPR
        -:  331:      void
        -:  332:      _M_construct(size_type __req, _CharT __c);
        -:  333:
        -:  334:      _GLIBCXX20_CONSTEXPR
        -:  335:      allocator_type&
        -:  336:      _M_get_allocator()
        -:  337:      { return _M_dataplus; }
        -:  338:
        -:  339:      _GLIBCXX20_CONSTEXPR
        -:  340:      const allocator_type&
        -:  341:      _M_get_allocator() const
        -:  342:      { return _M_dataplus; }
        -:  343:
        -:  344:      // Ensure that _M_local_buf is the active member of the union.
        -:  345:      __attribute__((__always_inline__))
        -:  346:      _GLIBCXX14_CONSTEXPR
        -:  347:      void
        -:  348:      _M_init_local_buf() _GLIBCXX_NOEXCEPT
        -:  349:      {
        -:  350:#if __cpp_lib_is_constant_evaluated
        -:  351:	if (std::is_constant_evaluated())
        -:  352:	  for (size_type __i = 0; __i <= _S_local_capacity; ++__i)
        -:  353:	    _M_local_buf[__i] = _CharT();
        -:  354:#endif
        4:  355:      }
        -:  356:
        -:  357:      __attribute__((__always_inline__))
        -:  358:      _GLIBCXX14_CONSTEXPR
        -:  359:      pointer
        -:  360:      _M_use_local_data() _GLIBCXX_NOEXCEPT
        -:  361:      {
        -:  362:#if __cpp_lib_is_constant_evaluated
        -:  363:	_M_init_local_buf();
        -:  364:#endif
        -:  365:	return _M_local_data();
        -:  366:      }
        -:  367:
        -:  368:    private:
        -:  369:
        -:  370:#ifdef _GLIBCXX_DISAMBIGUATE_REPLACE_INST
        -:  371:      // The explicit instantiations in misc-inst.cc require this due to
        -:  372:      // https://gcc.gnu.org/bugzilla/show_bug.cgi?id=64063
        -:  373:      template<typename _Tp, bool _Requires =
        -:  374:	       !__are_same<_Tp, _CharT*>::__value
        -:  375:	       && !__are_same<_Tp, const _CharT*>::__value
        -:  376:	       && !__are_same<_Tp, iterator>::__value
        -:  377:	       && !__are_same<_Tp, const_iterator>::__value>
        -:  378:	struct __enable_if_not_native_iterator
        -:  379:	{ typedef basic_string& __type; };
        -:  380:      template<typename _Tp>
        -:  381:	struct __enable_if_not_native_iterator<_Tp, false> { };
        -:  382:#endif
        -:  383:
        -:  384:      _GLIBCXX20_CONSTEXPR
        -:  385:      size_type
        -:  386:      _M_check(size_type __pos, const char* __s) const
        -:  387:      {
        -:  388:	if (__pos > this->size())
        -:  389:	  __throw_out_of_range_fmt(__N("%s: __pos (which is %zu) > "
        -:  390:				       "this->size() (which is %zu)"),
        -:  391:				   __s, __pos, this->size());
        -:  392:	return __pos;
        -:  393:      }
        -:  394:
        -:  395:      _GLIBCXX20_CONSTEXPR
        -:  396:      void
        -:  397:      _M_check_length(size_type __n1, size_type __n2, const char* __s) const
        -:  398:      {
        -:  399:	if (this->max_size() - (this->size() - __n1) < __n2)
        -:  400:	  __throw_length_error(__N(__s));
        -:  401:      }
        -:  402:
        -:  403:
        -:  404:      // NB: _M_limit doesn't check for a bad __pos value.
        -:  405:      _GLIBCXX20_CONSTEXPR
        -:  406:      size_type
        -:  407:      _M_limit(size_type __pos, size_type __off) const _GLIBCXX_NOEXCEPT
        -:  408:      {
        -:  409:	const bool __testoff =  __off < this->size() - __pos;
        -:  410:	return __testoff ? __off : this->size() - __pos;
        -:  411:      }
        -:  412:
        -:  413:      // True if _Rep and source do not overlap.
        -:  414:      bool
        -:  415:      _M_disjunct(const _CharT* __s) const _GLIBCXX_NOEXCEPT
        -:  416:      {
        -:  417:	return (less<const _CharT*>()(__s, _M_data())
        -:  418:		|| less<const _CharT*>()(_M_data() + this->size(), __s));
        -:  419:      }
        -:  420:
        -:  421:      // When __n = 1 way faster than the general multichar
        -:  422:      // traits_type::copy/move/assign.
        -:  423:      _GLIBCXX20_CONSTEXPR
        -:  424:      static void
        -:  425:      _S_copy(_CharT* __d, const _CharT* __s, size_type __n)
        -:  426:      {
        -:  427:	if (__n == 1)
        -:  428:	  traits_type::assign(*__d, *__s);
        -:  429:	else
        -:  430:	  traits_type::copy(__d, __s, __n);
        -:  431:      }
        -:  432:
        -:  433:      _GLIBCXX20_CONSTEXPR
        -:  434:      static void
        -:  435:      _S_move(_CharT* __d, const _CharT* __s, size_type __n)
        -:  436:      {
        -:  437:	if (__n == 1)
        -:  438:	  traits_type::assign(*__d, *__s);
        -:  439:	else
        -:  440:	  traits_type::move(__d, __s, __n);
        -:  441:      }
        -:  442:
        -:  443:      _GLIBCXX20_CONSTEXPR
        -:  444:      static void
        -:  445:      _S_assign(_CharT* __d, size_type __n, _CharT __c)
        -:  446:      {
        -:  447:	if (__n == 1)
        -:  448:	  traits_type::assign(*__d, __c);
        -:  449:	else
        -:  450:	  traits_type::assign(__d, __n, __c);
        -:  451:      }
        -:  452:
        -:  453:      // _S_copy_chars is a separate template to permit specialization
        -:  454:      // to optimize for the common case of pointers as iterators.
        -:  455:      template<class _Iterator>
        -:  456:	_GLIBCXX20_CONSTEXPR
        -:  457:        static void
        -:  458:        _S_copy_chars(_CharT* __p, _Iterator __k1, _Iterator __k2)
        -:  459:        {
        -:  460:	  for (; __k1 != __k2; ++__k1, (void)++__p)
        -:  461:	    traits_type::assign(*__p, *__k1); // These types are off.
        -:  462:	}
        -:  463:
        -:  464:      _GLIBCXX20_CONSTEXPR
        -:  465:      static void
        -:  466:      _S_copy_chars(_CharT* __p, iterator __k1, iterator __k2) _GLIBCXX_NOEXCEPT
        -:  467:      { _S_copy_chars(__p, __k1.base(), __k2.base()); }
        -:  468:
        -:  469:      _GLIBCXX20_CONSTEXPR
        -:  470:      static void
        -:  471:      _S_copy_chars(_CharT* __p, const_iterator __k1, const_iterator __k2)
        -:  472:      _GLIBCXX_NOEXCEPT
        -:  473:      { _S_copy_chars(__p, __k1.base(), __k2.base()); }
        -:  474:
        -:  475:      _GLIBCXX20_CONSTEXPR
        -:  476:      static void
        -:  477:      _S_copy_chars(_CharT* __p, _CharT* __k1, _CharT* __k2) _GLIBCXX_NOEXCEPT
        -:  478:      { _S_copy(__p, __k1, __k2 - __k1); }
        -:  479:
        -:  480:      _GLIBCXX20_CONSTEXPR
        -:  481:      static void
        -:  482:      _S_copy_chars(_CharT* __p, const _CharT* __k1, const _CharT* __k2)
        -:  483:      _GLIBCXX_NOEXCEPT
        -:  484:      { _S_copy(__p, __k1, __k2 - __k1); }
        -:  485:
        -:  486:      _GLIBCXX20_CONSTEXPR
        -:  487:      static int
        -:  488:      _S_compare(size_type __n1, size_type __n2) _GLIBCXX_NOEXCEPT
        -:  489:      {
        -:  490:	const difference_type __d = difference_type(__n1 - __n2);
        -:  491:
        -:  492:	if (__d > __gnu_cxx::__numeric_traits<int>::__max)
        -:  493:	  return __gnu_cxx::__numeric_traits<int>::__max;
        -:  494:	else if (__d < __gnu_cxx::__numeric_traits<int>::__min)
        -:  495:	  return __gnu_cxx::__numeric_traits<int>::__min;
        -:  496:	else
        -:  497:	  return int(__d);
        -:  498:      }
        -:  499:
        -:  500:      _GLIBCXX20_CONSTEXPR
        -:  501:      void
        -:  502:      _M_assign(const basic_string&);
        -:  503:
        -:  504:      _GLIBCXX20_CONSTEXPR
        -:  505:      void
        -:  506:      _M_mutate(size_type __pos, size_type __len1, const _CharT* __s,
        -:  507:		size_type __len2);
        -:  508:
        -:  509:      _GLIBCXX20_CONSTEXPR
        -:  510:      void
        -:  511:      _M_erase(size_type __pos, size_type __n);
        -:  512:
        -:  513:    public:
        -:  514:      // Construct/copy/destroy:
        -:  515:      // NB: We overload ctors in some cases instead of using default
        -:  516:      // arguments, per 17.4.4.4 para. 2 item 2.
        -:  517:
        -:  518:      /**
        -:  519:       *  @brief  Default constructor creates an empty string.
        -:  520:       */
        -:  521:      _GLIBCXX20_CONSTEXPR
        -:  522:      basic_string()
        -:  523:      _GLIBCXX_NOEXCEPT_IF(is_nothrow_default_constructible<_Alloc>::value)
        -:  524:      : _M_dataplus(_M_local_data())
        -:  525:      {
        -:  526:	_M_init_local_buf();
        -:  527:	_M_set_length(0);
        -:  528:      }
        -:  529:
        -:  530:      /**
        -:  531:       *  @brief  Construct an empty string using allocator @a a.
        -:  532:       */
        -:  533:      _GLIBCXX20_CONSTEXPR
        -:  534:      explicit
        -:  535:      basic_string(const _Alloc& __a) _GLIBCXX_NOEXCEPT
        -:  536:      : _M_dataplus(_M_local_data(), __a)
        -:  537:      {
        -:  538:	_M_init_local_buf();
        -:  539:	_M_set_length(0);
        -:  540:      }
        -:  541:
        -:  542:      /**
        -:  543:       *  @brief  Construct string with copy of value of @a __str.
        -:  544:       *  @param  __str  Source string.
        -:  545:       */
        -:  546:      _GLIBCXX20_CONSTEXPR
        -:  547:      basic_string(const basic_string& __str)
        -:  548:      : _M_dataplus(_M_local_data(),
        -:  549:		    _Alloc_traits::_S_select_on_copy(__str._M_get_allocator()))
        -:  550:      {
        -:  551:	_M_construct(__str._M_data(), __str._M_data() + __str.length(),
        -:  552:		     std::forward_iterator_tag());
        -:  553:      }
        -:  554:
        -:  555:      // _GLIBCXX_RESOLVE_LIB_DEFECTS
        -:  556:      // 2583. no way to supply an allocator for basic_string(str, pos)
        -:  557:      /**
        -:  558:       *  @brief  Construct string as copy of a substring.
        -:  559:       *  @param  __str  Source string.
        -:  560:       *  @param  __pos  Index of first character to copy from.
        -:  561:       *  @param  __a  Allocator to use.
        -:  562:       */
        -:  563:      _GLIBCXX20_CONSTEXPR
        -:  564:      basic_string(const basic_string& __str, size_type __pos,
        -:  565:		   const _Alloc& __a = _Alloc())
        -:  566:      : _M_dataplus(_M_local_data(), __a)
        -:  567:      {
        -:  568:	const _CharT* __start = __str._M_data()
        -:  569:	  + __str._M_check(__pos, "basic_string::basic_string");
        -:  570:	_M_construct(__start, __start + __str._M_limit(__pos, npos),
        -:  571:		     std::forward_iterator_tag());
        -:  572:      }
        -:  573:
        -:  574:      /**
        -:  575:       *  @brief  Construct string as copy of a substring.
        -:  576:       *  @param  __str  Source string.
        -:  577:       *  @param  __pos  Index of first character to copy from.
        -:  578:       *  @param  __n  Number of characters to copy.
        -:  579:       */
        -:  580:      _GLIBCXX20_CONSTEXPR
        -:  581:      basic_string(const basic_string& __str, size_type __pos,
        -:  582:		   size_type __n)
        -:  583:      : _M_dataplus(_M_local_data())
        -:  584:      {
        -:  585:	const _CharT* __start = __str._M_data()
        -:  586:	  + __str._M_check(__pos, "basic_string::basic_string");
        -:  587:	_M_construct(__start, __start + __str._M_limit(__pos, __n),
        -:  588:		     std::forward_iterator_tag());
        -:  589:      }
        -:  590:
        -:  591:      /**
        -:  592:       *  @brief  Construct string as copy of a substring.
        -:  593:       *  @param  __str  Source string.
        -:  594:       *  @param  __pos  Index of first character to copy from.
        -:  595:       *  @param  __n  Number of characters to copy.
        -:  596:       *  @param  __a  Allocator to use.
        -:  597:       */
        -:  598:      _GLIBCXX20_CONSTEXPR
        -:  599:      basic_string(const basic_string& __str, size_type __pos,
        -:  600:		   size_type __n, const _Alloc& __a)
        -:  601:      : _M_dataplus(_M_local_data(), __a)
        -:  602:      {
        -:  603:	const _CharT* __start
        -:  604:	  = __str._M_data() + __str._M_check(__pos, "string::string");
        -:  605:	_M_construct(__start, __start + __str._M_limit(__pos, __n),
        -:  606:		     std::forward_iterator_tag());
        -:  607:      }
        -:  608:
        -:  609:      /**
        -:  610:       *  @brief  Construct string initialized by a character %array.
        -:  611:       *  @param  __s  Source character %array.
        -:  612:       *  @param  __n  Number of characters to copy.
        -:  613:       *  @param  __a  Allocator to use (default is default allocator).
        -:  614:       *
        -:  615:       *  NB: @a __s must have at least @a __n characters, &apos;\\0&apos;
        -:  616:       *  has no special meaning.
        -:  617:       */
        -:  618:      _GLIBCXX20_CONSTEXPR
        -:  619:      basic_string(const _CharT* __s, size_type __n,
        -:  620:		   const _Alloc& __a = _Alloc())
        -:  621:      : _M_dataplus(_M_local_data(), __a)
        -:  622:      {
        -:  623:	// NB: Not required, but considered best practice.
        -:  624:	if (__s == 0 && __n > 0)
        -:  625:	  std::__throw_logic_error(__N("basic_string: "
        -:  626:				       "construction from null is not valid"));
        -:  627:	_M_construct(__s, __s + __n, std::forward_iterator_tag());
        -:  628:      }
        -:  629:
        -:  630:      /**
        -:  631:       *  @brief  Construct string as copy of a C string.
        -:  632:       *  @param  __s  Source C string.
        -:  633:       *  @param  __a  Allocator to use (default is default allocator).
        -:  634:       */
        -:  635:#if __cpp_deduction_guides && ! defined _GLIBCXX_DEFINING_STRING_INSTANTIATIONS
        -:  636:      // _GLIBCXX_RESOLVE_LIB_DEFECTS
        -:  637:      // 3076. basic_string CTAD ambiguity
        -:  638:      template<typename = _RequireAllocator<_Alloc>>
        -:  639:#endif
        -:  640:      _GLIBCXX20_CONSTEXPR
        5:  641:      basic_string(const _CharT* __s, const _Alloc& __a = _Alloc())
        5:  642:      : _M_dataplus(_M_local_data(), __a)
        -:  643:      {
        -:  644:	// NB: Not required, but considered best practice.
        5:  645:	if (__s == 0)
    #####:  646:	  std::__throw_logic_error(__N("basic_string: "
        -:  647:				       "construction from null is not valid"));
        5:  648:	const _CharT* __end = __s + traits_type::length(__s);
        5:  649:	_M_construct(__s, __end, forward_iterator_tag());
        5:  650:      }
        -:  651:
        -:  652:      /**
        -:  653:       *  @brief  Construct string as multiple characters.
        -:  654:       *  @param  __n  Number of characters.
        -:  655:       *  @param  __c  Character to use.
        -:  656:       *  @param  __a  Allocator to use (default is default allocator).
        -:  657:       */
        -:  658:#if __cpp_deduction_guides && ! defined _GLIBCXX_DEFINING_STRING_INSTANTIATIONS
        -:  659:      // _GLIBCXX_RESOLVE_LIB_DEFECTS
        -:  660:      // 3076. basic_string CTAD ambiguity
        -:  661:      template<typename = _RequireAllocator<_Alloc>>
        -:  662:#endif
        -:  663:      _GLIBCXX20_CONSTEXPR
        -:  664:      basic_string(size_type __n, _CharT __c, const _Alloc& __a = _Alloc())
        -:  665:      : _M_dataplus(_M_local_data(), __a)
        -:  666:      { _M_construct(__n, __c); }
        -:  667:
        -:  668:#if __cplusplus >= 201103L
        -:  669:      /**
        -:  670:       *  @brief  Move construct string.
        -:  671:       *  @param  __str  Source string.
        -:  672:       *
        -:  673:       *  The newly-created string contains the exact contents of @a __str.
        -:  674:       *  @a __str is a valid, but unspecified string.
        -:  675:       */
        -:  676:      _GLIBCXX20_CONSTEXPR
        -:  677:      basic_string(basic_string&& __str) noexcept
        -:  678:      : _M_dataplus(_M_local_data(), std::move(__str._M_get_allocator()))
        -:  679:      {
        -:  680:	if (__str._M_is_local())
        -:  681:	  {
        -:  682:	    _M_init_local_buf();
        -:  683:	    traits_type::copy(_M_local_buf, __str._M_local_buf,
        -:  684:			      __str.length() + 1);
        -:  685:	  }
        -:  686:	else
        -:  687:	  {
        -:  688:	    _M_data(__str._M_data());
        -:  689:	    _M_capacity(__str._M_allocated_capacity);
        -:  690:	  }
        -:  691:
        -:  692:	// Must use _M_length() here not _M_set_length() because
        -:  693:	// basic_stringbuf relies on writing into unallocated capacity so
        -:  694:	// we mess up the contents if we put a '\0' in the string.
        -:  695:	_M_length(__str.length());
        -:  696:	__str._M_data(__str._M_use_local_data());
        -:  697:	__str._M_set_length(0);
        -:  698:      }
        -:  699:
        -:  700:      /**
        -:  701:       *  @brief  Construct string from an initializer %list.
        -:  702:       *  @param  __l  std::initializer_list of characters.
        -:  703:       *  @param  __a  Allocator to use (default is default allocator).
        -:  704:       */
        -:  705:      _GLIBCXX20_CONSTEXPR
        -:  706:      basic_string(initializer_list<_CharT> __l, const _Alloc& __a = _Alloc())
        -:  707:      : _M_dataplus(_M_local_data(), __a)
        -:  708:      { _M_construct(__l.begin(), __l.end(), std::forward_iterator_tag()); }
        -:  709:
        -:  710:      _GLIBCXX20_CONSTEXPR
        -:  711:      basic_string(const basic_string& __str, const _Alloc& __a)
        -:  712:      : _M_dataplus(_M_local_data(), __a)
        -:  713:      { _M_construct(__str.begin(), __str.end(), std::forward_iterator_tag()); }
        -:  714:
        -:  715:      _GLIBCXX20_CONSTEXPR
        -:  716:      basic_string(basic_string&& __str, const _Alloc& __a)
        -:  717:      noexcept(_Alloc_traits::_S_always_equal())
        -:  718:      : _M_dataplus(_M_local_data(), __a)
        -:  719:      {
        -:  720:	if (__str._M_is_local())
        -:  721:	  {
        -:  722:	    _M_init_local_buf();
        -:  723:	    traits_type::copy(_M_local_buf, __str._M_local_buf,
        -:  724:			      __str.length() + 1);
        -:  725:	    _M_length(__str.length());
        -:  726:	    __str._M_set_length(0);
        -:  727:	  }
        -:  728:	else if (_Alloc_traits::_S_always_equal()
        -:  729:	    || __str.get_allocator() == __a)
        -:  730:	  {
        -:  731:	    _M_data(__str._M_data());
        -:  732:	    _M_length(__str.length());
        -:  733:	    _M_capacity(__str._M_allocated_capacity);
        -:  734:	    __str._M_data(__str._M_use_local_data());
        -:  735:	    __str._M_set_length(0);
        -:  736:	  }
        -:  737:	else
        -:  738:	  _M_construct(__str.begin(), __str.end(), std::forward_iterator_tag());
        -:  739:      }
        -:  740:#endif // C++11
        -:  741:
        -:  742:#if __cplusplus >= 202100L
        -:  743:      basic_string(nullptr_t) = delete;
        -:  744:      basic_string& operator=(nullptr_t) = delete;
        -:  745:#endif // C++23
        -:  746:
        -:  747:      /**
        -:  748:       *  @brief  Construct string as copy of a range.
        -:  749:       *  @param  __beg  Start of range.
        -:  750:       *  @param  __end  End of range.
        -:  751:       *  @param  __a  Allocator to use (default is default allocator).
        -:  752:       */
        -:  753:#if __cplusplus >= 201103L
        -:  754:      template<typename _InputIterator,
        -:  755:	       typename = std::_RequireInputIter<_InputIterator>>
        -:  756:#else
        -:  757:      template<typename _InputIterator>
        -:  758:#endif
        -:  759:	_GLIBCXX20_CONSTEXPR
        -:  760:        basic_string(_InputIterator __beg, _InputIterator __end,
        -:  761:		     const _Alloc& __a = _Alloc())
        -:  762:	: _M_dataplus(_M_local_data(), __a), _M_string_length(0)
        -:  763:	{
        -:  764:#if __cplusplus >= 201103L
        -:  765:	  _M_construct(__beg, __end, std::__iterator_category(__beg));
        -:  766:#else
        -:  767:	  typedef typename std::__is_integer<_InputIterator>::__type _Integral;
        -:  768:	  _M_construct_aux(__beg, __end, _Integral());
        -:  769:#endif
        -:  770:	}
        -:  771:
        -:  772:#if __cplusplus >= 201703L
        -:  773:      /**
        -:  774:       *  @brief  Construct string from a substring of a string_view.
        -:  775:       *  @param  __t   Source object convertible to string view.
        -:  776:       *  @param  __pos The index of the first character to copy from __t.
        -:  777:       *  @param  __n   The number of characters to copy from __t.
        -:  778:       *  @param  __a   Allocator to use.
        -:  779:       */
        -:  780:      template<typename _Tp,
        -:  781:	       typename = enable_if_t<is_convertible_v<const _Tp&, __sv_type>>>
        -:  782:	_GLIBCXX20_CONSTEXPR
        -:  783:	basic_string(const _Tp& __t, size_type __pos, size_type __n,
        -:  784:		     const _Alloc& __a = _Alloc())
        -:  785:	: basic_string(_S_to_string_view(__t).substr(__pos, __n), __a) { }
        -:  786:
        -:  787:      /**
        -:  788:       *  @brief  Construct string from a string_view.
        -:  789:       *  @param  __t  Source object convertible to string view.
        -:  790:       *  @param  __a  Allocator to use (default is default allocator).
        -:  791:       */
        -:  792:      template<typename _Tp, typename = _If_sv<_Tp, void>>
        -:  793:	_GLIBCXX20_CONSTEXPR
        -:  794:	explicit
        -:  795:	basic_string(const _Tp& __t, const _Alloc& __a = _Alloc())
        -:  796:	: basic_string(__sv_wrapper(_S_to_string_view(__t)), __a) { }
        -:  797:#endif // C++17
        -:  798:
        -:  799:      /**
        -:  800:       *  @brief  Destroy the string instance.
        -:  801:       */
        -:  802:      _GLIBCXX20_CONSTEXPR
        -:  803:      ~basic_string()
        -:  804:      { _M_dispose(); }
        -:  805:
        -:  806:      /**
        -:  807:       *  @brief  Assign the value of @a str to this string.
        -:  808:       *  @param  __str  Source string.
        -:  809:       */
        -:  810:      _GLIBCXX20_CONSTEXPR
        -:  811:      basic_string&
        -:  812:      operator=(const basic_string& __str)
        -:  813:      {
        -:  814:	return this->assign(__str);
        -:  815:      }
        -:  816:
        -:  817:      /**
        -:  818:       *  @brief  Copy contents of @a s into this string.
        -:  819:       *  @param  __s  Source null-terminated string.
        -:  820:       */
        -:  821:      _GLIBCXX20_CONSTEXPR
        -:  822:      basic_string&
        -:  823:      operator=(const _CharT* __s)
        -:  824:      { return this->assign(__s); }
        -:  825:
        -:  826:      /**
        -:  827:       *  @brief  Set value to string of length 1.
        -:  828:       *  @param  __c  Source character.
        -:  829:       *
        -:  830:       *  Assigning to a character makes this string length 1 and
        -:  831:       *  (*this)[0] == @a c.
        -:  832:       */
        -:  833:      _GLIBCXX20_CONSTEXPR
        -:  834:      basic_string&
        -:  835:      operator=(_CharT __c)
        -:  836:      {
        -:  837:	this->assign(1, __c);
        -:  838:	return *this;
        -:  839:      }
        -:  840:
        -:  841:#if __cplusplus >= 201103L
        -:  842:      /**
        -:  843:       *  @brief  Move assign the value of @a str to this string.
        -:  844:       *  @param  __str  Source string.
        -:  845:       *
        -:  846:       *  The contents of @a str are moved into this string (without copying).
        -:  847:       *  @a str is a valid, but unspecified string.
        -:  848:       */
        -:  849:      // _GLIBCXX_RESOLVE_LIB_DEFECTS
        -:  850:      // 2063. Contradictory requirements for string move assignment
        -:  851:      _GLIBCXX20_CONSTEXPR
        -:  852:      basic_string&
        -:  853:      operator=(basic_string&& __str)
        -:  854:      noexcept(_Alloc_traits::_S_nothrow_move())
        -:  855:      {
        -:  856:	const bool __equal_allocs = _Alloc_traits::_S_always_equal()
        -:  857:	  || _M_get_allocator() == __str._M_get_allocator();
        -:  858:	if (!_M_is_local() && _Alloc_traits::_S_propagate_on_move_assign()
        -:  859:	    && !__equal_allocs)
        -:  860:	  {
        -:  861:	    // Destroy existing storage before replacing allocator.
        -:  862:	    _M_destroy(_M_allocated_capacity);
        -:  863:	    _M_data(_M_local_data());
        -:  864:	    _M_set_length(0);
        -:  865:	  }
        -:  866:	// Replace allocator if POCMA is true.
        -:  867:	std::__alloc_on_move(_M_get_allocator(), __str._M_get_allocator());
        -:  868:
        -:  869:	if (__str._M_is_local())
        -:  870:	  {
        -:  871:	    // We've always got room for a short string, just copy it
        -:  872:	    // (unless this is a self-move, because that would violate the
        -:  873:	    // char_traits::copy precondition that the ranges don't overlap).
        -:  874:	    if (__builtin_expect(std::__addressof(__str) != this, true))
        -:  875:	      {
        -:  876:		if (__str.size())
        -:  877:		  this->_S_copy(_M_data(), __str._M_data(), __str.size());
        -:  878:		_M_set_length(__str.size());
        -:  879:	      }
        -:  880:	  }
        -:  881:	else if (_Alloc_traits::_S_propagate_on_move_assign() || __equal_allocs)
        -:  882:	  {
        -:  883:	    // Just move the allocated pointer, our allocator can free it.
        -:  884:	    pointer __data = nullptr;
        -:  885:	    size_type __capacity;
        -:  886:	    if (!_M_is_local())
        -:  887:	      {
        -:  888:		if (__equal_allocs)
        -:  889:		  {
        -:  890:		    // __str can reuse our existing storage.
        -:  891:		    __data = _M_data();
        -:  892:		    __capacity = _M_allocated_capacity;
        -:  893:		  }
        -:  894:		else // __str can't use it, so free it.
        -:  895:		  _M_destroy(_M_allocated_capacity);
        -:  896:	      }
        -:  897:
        -:  898:	    _M_data(__str._M_data());
        -:  899:	    _M_length(__str.length());
        -:  900:	    _M_capacity(__str._M_allocated_capacity);
        -:  901:	    if (__data)
        -:  902:	      {
        -:  903:		__str._M_data(__data);
        -:  904:		__str._M_capacity(__capacity);
        -:  905:	      }
        -:  906:	    else
        -:  907:	      __str._M_data(__str._M_use_local_data());
        -:  908:	  }
        -:  909:	else // Need to do a deep copy
        -:  910:	  assign(__str);
        -:  911:	__str.clear();
        -:  912:	return *this;
        -:  913:      }
        -:  914:
        -:  915:      /**
        -:  916:       *  @brief  Set value to string constructed from initializer %list.
        -:  917:       *  @param  __l  std::initializer_list.
        -:  918:       */
        -:  919:      _GLIBCXX20_CONSTEXPR
        -:  920:      basic_string&
        -:  921:      operator=(initializer_list<_CharT> __l)
        -:  922:      {
        -:  923:	this->assign(__l.begin(), __l.size());
        -:  924:	return *this;
        -:  925:      }
        -:  926:#endif // C++11
        -:  927:
        -:  928:#if __cplusplus >= 201703L
        -:  929:      /**
        -:  930:       *  @brief  Set value to string constructed from a string_view.
        -:  931:       *  @param  __svt  An object convertible to string_view.
        -:  932:       */
        -:  933:     template<typename _Tp>
        -:  934:       _GLIBCXX20_CONSTEXPR
        -:  935:       _If_sv<_Tp, basic_string&>
        -:  936:       operator=(const _Tp& __svt)
        -:  937:       { return this->assign(__svt); }
        -:  938:
        -:  939:      /**
        -:  940:       *  @brief  Convert to a string_view.
        -:  941:       *  @return A string_view.
        -:  942:       */
        -:  943:      _GLIBCXX20_CONSTEXPR
        -:  944:      operator __sv_type() const noexcept
        -:  945:      { return __sv_type(data(), size()); }
        -:  946:#endif // C++17
        -:  947:
        -:  948:      // Iterators:
        -:  949:      /**
        -:  950:       *  Returns a read/write iterator that points to the first character in
        -:  951:       *  the %string.
        -:  952:       */
        -:  953:      _GLIBCXX_NODISCARD _GLIBCXX20_CONSTEXPR
        -:  954:      iterator
        -:  955:      begin() _GLIBCXX_NOEXCEPT
        -:  956:      { return iterator(_M_data()); }
        -:  957:
        -:  958:      /**
        -:  959:       *  Returns a read-only (constant) iterator that points to the first
        -:  960:       *  character in the %string.
        -:  961:       */
        -:  962:      _GLIBCXX_NODISCARD _GLIBCXX20_CONSTEXPR
        -:  963:      const_iterator
        -:  964:      begin() const _GLIBCXX_NOEXCEPT
        -:  965:      { return const_iterator(_M_data()); }
        -:  966:
        -:  967:      /**
        -:  968:       *  Returns a read/write iterator that points one past the last
        -:  969:       *  character in the %string.
        -:  970:       */
        -:  971:      _GLIBCXX_NODISCARD _GLIBCXX20_CONSTEXPR
        -:  972:      iterator
        -:  973:      end() _GLIBCXX_NOEXCEPT
        -:  974:      { return iterator(_M_data() + this->size()); }
        -:  975:
        -:  976:      /**
        -:  977:       *  Returns a read-only (constant) iterator that points one past the
        -:  978:       *  last character in the %string.
        -:  979:       */
        -:  980:      _GLIBCXX_NODISCARD _GLIBCXX20_CONSTEXPR
        -:  981:      const_iterator
        -:  982:      end() const _GLIBCXX_NOEXCEPT
        -:  983:      { return const_iterator(_M_data() + this->size()); }
        -:  984:
        -:  985:      /**
        -:  986:       *  Returns a read/write reverse iterator that points to the last
        -:  987:       *  character in the %string.  Iteration is done in reverse element
        -:  988:       *  order.
        -:  989:       */
        -:  990:      _GLIBCXX_NODISCARD _GLIBCXX20_CONSTEXPR
        -:  991:      reverse_iterator
        -:  992:      rbegin() _GLIBCXX_NOEXCEPT
        -:  993:      { return reverse_iterator(this->end()); }
        -:  994:
        -:  995:      /**
        -:  996:       *  Returns a read-only (constant) reverse iterator that points
        -:  997:       *  to the last character in the %string.  Iteration is done in
        -:  998:       *  reverse element order.
        -:  999:       */
        -: 1000:      _GLIBCXX_NODISCARD _GLIBCXX20_CONSTEXPR
        -: 1001:      const_reverse_iterator
        -: 1002:      rbegin() const _GLIBCXX_NOEXCEPT
        -: 1003:      { return const_reverse_iterator(this->end()); }
        -: 1004:
        -: 1005:      /**
        -: 1006:       *  Returns a read/write reverse iterator that points to one before the
        -: 1007:       *  first character in the %string.  Iteration is done in reverse
        -: 1008:       *  element order.
        -: 1009:       */
        -: 1010:      _GLIBCXX_NODISCARD _GLIBCXX20_CONSTEXPR
        -: 1011:      reverse_iterator
        -: 1012:      rend() _GLIBCXX_NOEXCEPT
        -: 1013:      { return reverse_iterator(this->begin()); }
        -: 1014:
        -: 1015:      /**
        -: 1016:       *  Returns a read-only (constant) reverse iterator that points
        -: 1017:       *  to one before the first character in the %string.  Iteration
        -: 1018:       *  is done in reverse element order.
        -: 1019:       */
        -: 1020:      _GLIBCXX_NODISCARD _GLIBCXX20_CONSTEXPR
        -: 1021:      const_reverse_iterator
        -: 1022:      rend() const _GLIBCXX_NOEXCEPT
        -: 1023:      { return const_reverse_iterator(this->begin()); }
        -: 1024:
        -: 1025:#if __cplusplus >= 201103L
        -: 1026:      /**
        -: 1027:       *  Returns a read-only (constant) iterator that points to the first
        -: 1028:       *  character in the %string.
        -: 1029:       */
        -: 1030:      _GLIBCXX_NODISCARD _GLIBCXX20_CONSTEXPR
        -: 1031:      const_iterator
        -: 1032:      cbegin() const noexcept
        -: 1033:      { return const_iterator(this->_M_data()); }
        -: 1034:
        -: 1035:      /**
        -: 1036:       *  Returns a read-only (constant) iterator that points one past the
        -: 1037:       *  last character in the %string.
        -: 1038:       */
        -: 1039:      _GLIBCXX_NODISCARD _GLIBCXX20_CONSTEXPR
        -: 1040:      const_iterator
        -: 1041:      cend() const noexcept
        -: 1042:      { return const_iterator(this->_M_data() + this->size()); }
        -: 1043:
        -: 1044:      /**
        -: 1045:       *  Returns a read-only (constant) reverse iterator that points
        -: 1046:       *  to the last character in the %string.  Iteration is done in
        -: 1047:       *  reverse element order.
        -: 1048:       */
        -: 1049:      _GLIBCXX_NODISCARD _GLIBCXX20_CONSTEXPR
        -: 1050:      const_reverse_iterator
        -: 1051:      crbegin() const noexcept
        -: 1052:      { return const_reverse_iterator(this->end()); }
        -: 1053:
        -: 1054:      /**
        -: 1055:       *  Returns a read-only (constant) reverse iterator that points
        -: 1056:       *  to one before the first character in the %string.  Iteration
        -: 1057:       *  is done in reverse element order.
        -: 1058:       */
        -: 1059:      _GLIBCXX_NODISCARD _GLIBCXX20_CONSTEXPR
        -: 1060:      const_reverse_iterator
        -: 1061:      crend() const noexcept
        -: 1062:      { return const_reverse_iterator(this->begin()); }
        -: 1063:#endif
        -: 1064:
        -: 1065:    public:
        -: 1066:      // Capacity:
        -: 1067:      ///  Returns the number of characters in the string, not including any
        -: 1068:      ///  null-termination.
        -: 1069:      _GLIBCXX_NODISCARD _GLIBCXX20_CONSTEXPR
        -: 1070:      size_type
        -: 1071:      size() const _GLIBCXX_NOEXCEPT
        -: 1072:      { return _M_string_length; }
        -: 1073:
        -: 1074:      ///  Returns the number of characters in the string, not including any
        -: 1075:      ///  null-termination.
        -: 1076:      _GLIBCXX_NODISCARD _GLIBCXX20_CONSTEXPR
        -: 1077:      size_type
        -: 1078:      length() const _GLIBCXX_NOEXCEPT
        -: 1079:      { return _M_string_length; }
        -: 1080:
        -: 1081:      ///  Returns the size() of the largest possible %string.
        -: 1082:      _GLIBCXX_NODISCARD _GLIBCXX20_CONSTEXPR
        -: 1083:      size_type
        -: 1084:      max_size() const _GLIBCXX_NOEXCEPT
        -: 1085:      { return (_Alloc_traits::max_size(_M_get_allocator()) - 1) / 2; }
        -: 1086:
        -: 1087:      /**
        -: 1088:       *  @brief  Resizes the %string to the specified number of characters.
        -: 1089:       *  @param  __n  Number of characters the %string should contain.
        -: 1090:       *  @param  __c  Character to fill any new elements.
        -: 1091:       *
        -: 1092:       *  This function will %resize the %string to the specified
        -: 1093:       *  number of characters.  If the number is smaller than the
        -: 1094:       *  %string's current size the %string is truncated, otherwise
        -: 1095:       *  the %string is extended and new elements are %set to @a __c.
        -: 1096:       */
        -: 1097:      _GLIBCXX20_CONSTEXPR
        -: 1098:      void
        -: 1099:      resize(size_type __n, _CharT __c);
        -: 1100:
        -: 1101:      /**
        -: 1102:       *  @brief  Resizes the %string to the specified number of characters.
        -: 1103:       *  @param  __n  Number of characters the %string should contain.
        -: 1104:       *
        -: 1105:       *  This function will resize the %string to the specified length.  If
        -: 1106:       *  the new size is smaller than the %string's current size the %string
        -: 1107:       *  is truncated, otherwise the %string is extended and new characters
        -: 1108:       *  are default-constructed.  For basic types such as char, this means
        -: 1109:       *  setting them to 0.
        -: 1110:       */
        -: 1111:      _GLIBCXX20_CONSTEXPR
        -: 1112:      void
        -: 1113:      resize(size_type __n)
        -: 1114:      { this->resize(__n, _CharT()); }
        -: 1115:
        -: 1116:#if __cplusplus >= 201103L
        -: 1117:#pragma GCC diagnostic push
        -: 1118:#pragma GCC diagnostic ignored "-Wdeprecated-declarations"
        -: 1119:      ///  A non-binding request to reduce capacity() to size().
        -: 1120:      _GLIBCXX20_CONSTEXPR
        -: 1121:      void
        -: 1122:      shrink_to_fit() noexcept
        -: 1123:      { reserve(); }
        -: 1124:#pragma GCC diagnostic pop
        -: 1125:#endif
        -: 1126:
        -: 1127:#if __cplusplus > 202002L
        -: 1128:#define __cpp_lib_string_resize_and_overwrite 202110L
        -: 1129:      /** Resize the string and call a function to fill it.
        -: 1130:       *
        -: 1131:       * @param __n   The maximum size requested.
        -: 1132:       * @param __op  A callable object that writes characters to the string.
        -: 1133:       *
        -: 1134:       * This is a low-level function that is easy to misuse, be careful.
        -: 1135:       *
        -: 1136:       * Calling `str.resize_and_overwrite(n, op)` will reserve at least `n`
        -: 1137:       * characters in `str`, evaluate `n2 = std::move(op)(str.data(), n)`,
        -: 1138:       * and finally set the string length to `n2` (adding a null terminator
        -: 1139:       * at the end). The function object `op` is allowed to write to the
        -: 1140:       * extra capacity added by the initial reserve operation, which is not
        -: 1141:       * allowed if you just call `str.reserve(n)` yourself.
        -: 1142:       *
        -: 1143:       * This can be used to efficiently fill a `string` buffer without the
        -: 1144:       * overhead of zero-initializing characters that will be overwritten
        -: 1145:       * anyway.
        -: 1146:       *
        -: 1147:       * The callable `op` must not access the string directly (only through
        -: 1148:       * the pointer passed as its first argument), must not write more than
        -: 1149:       * `n` characters to the string, must return a value no greater than `n`,
        -: 1150:       * and must ensure that all characters up to the returned length are
        -: 1151:       * valid after it returns (i.e. there must be no uninitialized values
        -: 1152:       * left in the string after the call, because accessing them would
        -: 1153:       * have undefined behaviour). If `op` exits by throwing an exception
        -: 1154:       * the behaviour is undefined.
        -: 1155:       *
        -: 1156:       * @since C++23
        -: 1157:       */
        -: 1158:      template<typename _Operation>
        -: 1159:	constexpr void
        -: 1160:	resize_and_overwrite(size_type __n, _Operation __op);
        -: 1161:#endif
        -: 1162:
        -: 1163:      /**
        -: 1164:       *  Returns the total number of characters that the %string can hold
        -: 1165:       *  before needing to allocate more memory.
        -: 1166:       */
        -: 1167:      _GLIBCXX_NODISCARD _GLIBCXX20_CONSTEXPR
        -: 1168:      size_type
        -: 1169:      capacity() const _GLIBCXX_NOEXCEPT
        -: 1170:      {
        -: 1171:	return _M_is_local() ? size_type(_S_local_capacity)
        -: 1172:	                     : _M_allocated_capacity;
        -: 1173:      }
        -: 1174:
        -: 1175:      /**
        -: 1176:       *  @brief  Attempt to preallocate enough memory for specified number of
        -: 1177:       *          characters.
        -: 1178:       *  @param  __res_arg  Number of characters required.
        -: 1179:       *  @throw  std::length_error  If @a __res_arg exceeds @c max_size().
        -: 1180:       *
        -: 1181:       *  This function attempts to reserve enough memory for the
        -: 1182:       *  %string to hold the specified number of characters.  If the
        -: 1183:       *  number requested is more than max_size(), length_error is
        -: 1184:       *  thrown.
        -: 1185:       *
        -: 1186:       *  The advantage of this function is that if optimal code is a
        -: 1187:       *  necessity and the user can determine the string length that will be
        -: 1188:       *  required, the user can reserve the memory in %advance, and thus
        -: 1189:       *  prevent a possible reallocation of memory and copying of %string
        -: 1190:       *  data.
        -: 1191:       */
        -: 1192:      _GLIBCXX20_CONSTEXPR
        -: 1193:      void
        -: 1194:      reserve(size_type __res_arg);
        -: 1195:
        -: 1196:      /**
        -: 1197:       *  Equivalent to shrink_to_fit().
        -: 1198:       */
        -: 1199:#if __cplusplus > 201703L
        -: 1200:      [[deprecated("use shrink_to_fit() instead")]]
        -: 1201:#endif
        -: 1202:      _GLIBCXX20_CONSTEXPR
        -: 1203:      void
        -: 1204:      reserve();
        -: 1205:
        -: 1206:      /**
        -: 1207:       *  Erases the string, making it empty.
        -: 1208:       */
        -: 1209:      _GLIBCXX20_CONSTEXPR
        -: 1210:      void
        -: 1211:      clear() _GLIBCXX_NOEXCEPT
        -: 1212:      { _M_set_length(0); }
        -: 1213:
        -: 1214:      /**
        -: 1215:       *  Returns true if the %string is empty.  Equivalent to 
        -: 1216:       *  <code>*this == ""</code>.
        -: 1217:       */
        -: 1218:      _GLIBCXX_NODISCARD _GLIBCXX20_CONSTEXPR
        -: 1219:      bool
        -: 1220:      empty() const _GLIBCXX_NOEXCEPT
        -: 1221:      { return this->size() == 0; }
        -: 1222:
        -: 1223:      // Element access:
        -: 1224:      /**
        -: 1225:       *  @brief  Subscript access to the data contained in the %string.
        -: 1226:       *  @param  __pos  The index of the character to access.
        -: 1227:       *  @return  Read-only (constant) reference to the character.
        -: 1228:       *
        -: 1229:       *  This operator allows for easy, array-style, data access.
        -: 1230:       *  Note that data access with this operator is unchecked and
        -: 1231:       *  out_of_range lookups are not defined. (For checked lookups
        -: 1232:       *  see at().)
        -: 1233:       */
        -: 1234:      _GLIBCXX_NODISCARD _GLIBCXX20_CONSTEXPR
        -: 1235:      const_reference
        -: 1236:      operator[] (size_type __pos) const _GLIBCXX_NOEXCEPT
        -: 1237:      {
        -: 1238:	__glibcxx_assert(__pos <= size());
        -: 1239:	return _M_data()[__pos];
        -: 1240:      }
        -: 1241:
        -: 1242:      /**
        -: 1243:       *  @brief  Subscript access to the data contained in the %string.
        -: 1244:       *  @param  __pos  The index of the character to access.
        -: 1245:       *  @return  Read/write reference to the character.
        -: 1246:       *
        -: 1247:       *  This operator allows for easy, array-style, data access.
        -: 1248:       *  Note that data access with this operator is unchecked and
        -: 1249:       *  out_of_range lookups are not defined. (For checked lookups
        -: 1250:       *  see at().)
        -: 1251:       */
        -: 1252:      _GLIBCXX_NODISCARD _GLIBCXX20_CONSTEXPR
        -: 1253:      reference
        -: 1254:      operator[](size_type __pos)
        -: 1255:      {
        -: 1256:        // Allow pos == size() both in C++98 mode, as v3 extension,
        -: 1257:	// and in C++11 mode.
        -: 1258:	__glibcxx_assert(__pos <= size());
        -: 1259:        // In pedantic mode be strict in C++98 mode.
        -: 1260:	_GLIBCXX_DEBUG_PEDASSERT(__cplusplus >= 201103L || __pos < size());
        -: 1261:	return _M_data()[__pos];
        -: 1262:      }
        -: 1263:
        -: 1264:      /**
        -: 1265:       *  @brief  Provides access to the data contained in the %string.
        -: 1266:       *  @param __n The index of the character to access.
        -: 1267:       *  @return  Read-only (const) reference to the character.
        -: 1268:       *  @throw  std::out_of_range  If @a n is an invalid index.
        -: 1269:       *
        -: 1270:       *  This function provides for safer data access.  The parameter is
        -: 1271:       *  first checked that it is in the range of the string.  The function
        -: 1272:       *  throws out_of_range if the check fails.
        -: 1273:       */
        -: 1274:      _GLIBCXX_NODISCARD _GLIBCXX20_CONSTEXPR
        -: 1275:      const_reference
        -: 1276:      at(size_type __n) const
        -: 1277:      {
        -: 1278:	if (__n >= this->size())
        -: 1279:	  __throw_out_of_range_fmt(__N("basic_string::at: __n "
        -: 1280:				       "(which is %zu) >= this->size() "
        -: 1281:				       "(which is %zu)"),
        -: 1282:				   __n, this->size());
        -: 1283:	return _M_data()[__n];
        -: 1284:      }
        -: 1285:
        -: 1286:      /**
        -: 1287:       *  @brief  Provides access to the data contained in the %string.
        -: 1288:       *  @param __n The index of the character to access.
        -: 1289:       *  @return  Read/write reference to the character.
        -: 1290:       *  @throw  std::out_of_range  If @a n is an invalid index.
        -: 1291:       *
        -: 1292:       *  This function provides for safer data access.  The parameter is
        -: 1293:       *  first checked that it is in the range of the string.  The function
        -: 1294:       *  throws out_of_range if the check fails.
        -: 1295:       */
        -: 1296:      _GLIBCXX_NODISCARD _GLIBCXX20_CONSTEXPR
        -: 1297:      reference
        -: 1298:      at(size_type __n)
        -: 1299:      {
        -: 1300:	if (__n >= size())
        -: 1301:	  __throw_out_of_range_fmt(__N("basic_string::at: __n "
        -: 1302:				       "(which is %zu) >= this->size() "
        -: 1303:				       "(which is %zu)"),
        -: 1304:				   __n, this->size());
        -: 1305:	return _M_data()[__n];
        -: 1306:      }
        -: 1307:
        -: 1308:#if __cplusplus >= 201103L
        -: 1309:      /**
        -: 1310:       *  Returns a read/write reference to the data at the first
        -: 1311:       *  element of the %string.
        -: 1312:       */
        -: 1313:      _GLIBCXX_NODISCARD _GLIBCXX20_CONSTEXPR
        -: 1314:      reference
        -: 1315:      front() noexcept
        -: 1316:      {
        -: 1317:	__glibcxx_assert(!empty());
        -: 1318:	return operator[](0);
        -: 1319:      }
        -: 1320:
        -: 1321:      /**
        -: 1322:       *  Returns a read-only (constant) reference to the data at the first
        -: 1323:       *  element of the %string.
        -: 1324:       */
        -: 1325:      _GLIBCXX_NODISCARD _GLIBCXX20_CONSTEXPR
        -: 1326:      const_reference
        -: 1327:      front() const noexcept
        -: 1328:      {
        -: 1329:	__glibcxx_assert(!empty());
        -: 1330:	return operator[](0);
        -: 1331:      }
        -: 1332:
        -: 1333:      /**
        -: 1334:       *  Returns a read/write reference to the data at the last
        -: 1335:       *  element of the %string.
        -: 1336:       */
        -: 1337:      _GLIBCXX_NODISCARD _GLIBCXX20_CONSTEXPR
        -: 1338:      reference
        -: 1339:      back() noexcept
        -: 1340:      {
        -: 1341:	__glibcxx_assert(!empty());
        -: 1342:	return operator[](this->size() - 1);
        -: 1343:      }
        -: 1344:
        -: 1345:      /**
        -: 1346:       *  Returns a read-only (constant) reference to the data at the
        -: 1347:       *  last element of the %string.
        -: 1348:       */
        -: 1349:      _GLIBCXX_NODISCARD _GLIBCXX20_CONSTEXPR
        -: 1350:      const_reference
        -: 1351:      back() const noexcept
        -: 1352:      {
        -: 1353:	__glibcxx_assert(!empty());
        -: 1354:	return operator[](this->size() - 1);
        -: 1355:      }
        -: 1356:#endif
        -: 1357:
        -: 1358:      // Modifiers:
        -: 1359:      /**
        -: 1360:       *  @brief  Append a string to this string.
        -: 1361:       *  @param __str  The string to append.
        -: 1362:       *  @return  Reference to this string.
        -: 1363:       */
        -: 1364:      _GLIBCXX20_CONSTEXPR
        -: 1365:      basic_string&
        -: 1366:      operator+=(const basic_string& __str)
        -: 1367:      { return this->append(__str); }
        -: 1368:
        -: 1369:      /**
        -: 1370:       *  @brief  Append a C string.
        -: 1371:       *  @param __s  The C string to append.
        -: 1372:       *  @return  Reference to this string.
        -: 1373:       */
        -: 1374:      _GLIBCXX20_CONSTEXPR
        -: 1375:      basic_string&
        -: 1376:      operator+=(const _CharT* __s)
        -: 1377:      { return this->append(__s); }
        -: 1378:
        -: 1379:      /**
        -: 1380:       *  @brief  Append a character.
        -: 1381:       *  @param __c  The character to append.
        -: 1382:       *  @return  Reference to this string.
        -: 1383:       */
        -: 1384:      _GLIBCXX20_CONSTEXPR
        -: 1385:      basic_string&
        -: 1386:      operator+=(_CharT __c)
        -: 1387:      {
        -: 1388:	this->push_back(__c);
        -: 1389:	return *this;
        -: 1390:      }
        -: 1391:
        -: 1392:#if __cplusplus >= 201103L
        -: 1393:      /**
        -: 1394:       *  @brief  Append an initializer_list of characters.
        -: 1395:       *  @param __l  The initializer_list of characters to be appended.
        -: 1396:       *  @return  Reference to this string.
        -: 1397:       */
        -: 1398:      _GLIBCXX20_CONSTEXPR
        -: 1399:      basic_string&
        -: 1400:      operator+=(initializer_list<_CharT> __l)
        -: 1401:      { return this->append(__l.begin(), __l.size()); }
        -: 1402:#endif // C++11
        -: 1403:
        -: 1404:#if __cplusplus >= 201703L
        -: 1405:      /**
        -: 1406:       *  @brief  Append a string_view.
        -: 1407:       *  @param __svt  An object convertible to string_view to be appended.
        -: 1408:       *  @return  Reference to this string.
        -: 1409:       */
        -: 1410:      template<typename _Tp>
        -: 1411:	_GLIBCXX20_CONSTEXPR
        -: 1412:	_If_sv<_Tp, basic_string&>
        -: 1413:	operator+=(const _Tp& __svt)
        -: 1414:	{ return this->append(__svt); }
        -: 1415:#endif // C++17
        -: 1416:
        -: 1417:      /**
        -: 1418:       *  @brief  Append a string to this string.
        -: 1419:       *  @param __str  The string to append.
        -: 1420:       *  @return  Reference to this string.
        -: 1421:       */
        -: 1422:      _GLIBCXX20_CONSTEXPR
        -: 1423:      basic_string&
        -: 1424:      append(const basic_string& __str)
        -: 1425:      { return this->append(__str._M_data(), __str.size()); }
        -: 1426:
        -: 1427:      /**
        -: 1428:       *  @brief  Append a substring.
        -: 1429:       *  @param __str  The string to append.
        -: 1430:       *  @param __pos  Index of the first character of str to append.
        -: 1431:       *  @param __n  The number of characters to append.
        -: 1432:       *  @return  Reference to this string.
        -: 1433:       *  @throw  std::out_of_range if @a __pos is not a valid index.
        -: 1434:       *
        -: 1435:       *  This function appends @a __n characters from @a __str
        -: 1436:       *  starting at @a __pos to this string.  If @a __n is is larger
        -: 1437:       *  than the number of available characters in @a __str, the
        -: 1438:       *  remainder of @a __str is appended.
        -: 1439:       */
        -: 1440:      _GLIBCXX20_CONSTEXPR
        -: 1441:      basic_string&
        -: 1442:      append(const basic_string& __str, size_type __pos, size_type __n = npos)
        -: 1443:      { return this->append(__str._M_data()
        -: 1444:			    + __str._M_check(__pos, "basic_string::append"),
        -: 1445:			    __str._M_limit(__pos, __n)); }
        -: 1446:
        -: 1447:      /**
        -: 1448:       *  @brief  Append a C substring.
        -: 1449:       *  @param __s  The C string to append.
        -: 1450:       *  @param __n  The number of characters to append.
        -: 1451:       *  @return  Reference to this string.
        -: 1452:       */
        -: 1453:      _GLIBCXX20_CONSTEXPR
        -: 1454:      basic_string&
        -: 1455:      append(const _CharT* __s, size_type __n)
        -: 1456:      {
        -: 1457:	__glibcxx_requires_string_len(__s, __n);
        -: 1458:	_M_check_length(size_type(0), __n, "basic_string::append");
        -: 1459:	return _M_append(__s, __n);
        -: 1460:      }
        -: 1461:
        -: 1462:      /**
        -: 1463:       *  @brief  Append a C string.
        -: 1464:       *  @param __s  The C string to append.
        -: 1465:       *  @return  Reference to this string.
        -: 1466:       */
        -: 1467:      _GLIBCXX20_CONSTEXPR
        -: 1468:      basic_string&
        -: 1469:      append(const _CharT* __s)
        -: 1470:      {
        -: 1471:	__glibcxx_requires_string(__s);
        -: 1472:	const size_type __n = traits_type::length(__s);
        -: 1473:	_M_check_length(size_type(0), __n, "basic_string::append");
        -: 1474:	return _M_append(__s, __n);
        -: 1475:      }
        -: 1476:
        -: 1477:      /**
        -: 1478:       *  @brief  Append multiple characters.
        -: 1479:       *  @param __n  The number of characters to append.
        -: 1480:       *  @param __c  The character to use.
        -: 1481:       *  @return  Reference to this string.
        -: 1482:       *
        -: 1483:       *  Appends __n copies of __c to this string.
        -: 1484:       */
        -: 1485:      _GLIBCXX20_CONSTEXPR
        -: 1486:      basic_string&
        -: 1487:      append(size_type __n, _CharT __c)
        -: 1488:      { return _M_replace_aux(this->size(), size_type(0), __n, __c); }
        -: 1489:
        -: 1490:#if __cplusplus >= 201103L
        -: 1491:      /**
        -: 1492:       *  @brief  Append an initializer_list of characters.
        -: 1493:       *  @param __l  The initializer_list of characters to append.
        -: 1494:       *  @return  Reference to this string.
        -: 1495:       */
        -: 1496:      _GLIBCXX20_CONSTEXPR
        -: 1497:      basic_string&
        -: 1498:      append(initializer_list<_CharT> __l)
        -: 1499:      { return this->append(__l.begin(), __l.size()); }
        -: 1500:#endif // C++11
        -: 1501:
        -: 1502:      /**
        -: 1503:       *  @brief  Append a range of characters.
        -: 1504:       *  @param __first  Iterator referencing the first character to append.
        -: 1505:       *  @param __last  Iterator marking the end of the range.
        -: 1506:       *  @return  Reference to this string.
        -: 1507:       *
        -: 1508:       *  Appends characters in the range [__first,__last) to this string.
        -: 1509:       */
        -: 1510:#if __cplusplus >= 201103L
        -: 1511:      template<class _InputIterator,
        -: 1512:	       typename = std::_RequireInputIter<_InputIterator>>
        -: 1513:	_GLIBCXX20_CONSTEXPR
        -: 1514:#else
        -: 1515:      template<class _InputIterator>
        -: 1516:#endif
        -: 1517:        basic_string&
        -: 1518:        append(_InputIterator __first, _InputIterator __last)
        -: 1519:        { return this->replace(end(), end(), __first, __last); }
        -: 1520:
        -: 1521:#if __cplusplus >= 201703L
        -: 1522:      /**
        -: 1523:       *  @brief  Append a string_view.
        -: 1524:       *  @param __svt  An object convertible to string_view to be appended.
        -: 1525:       *  @return  Reference to this string.
        -: 1526:       */
        -: 1527:      template<typename _Tp>
        -: 1528:	_GLIBCXX20_CONSTEXPR
        -: 1529:        _If_sv<_Tp, basic_string&>
        -: 1530:        append(const _Tp& __svt)
        -: 1531:        {
        -: 1532:          __sv_type __sv = __svt;
        -: 1533:          return this->append(__sv.data(), __sv.size());
        -: 1534:        }
        -: 1535:
        -: 1536:      /**
        -: 1537:       *  @brief  Append a range of characters from a string_view.
        -: 1538:       *  @param __svt  An object convertible to string_view to be appended from.
        -: 1539:       *  @param __pos The position in the string_view to append from.
        -: 1540:       *  @param __n   The number of characters to append from the string_view.
        -: 1541:       *  @return  Reference to this string.
        -: 1542:       */
        -: 1543:      template<typename _Tp>
        -: 1544:	_GLIBCXX20_CONSTEXPR
        -: 1545:        _If_sv<_Tp, basic_string&>
        -: 1546:	append(const _Tp& __svt, size_type __pos, size_type __n = npos)
        -: 1547:	{
        -: 1548:	  __sv_type __sv = __svt;
        -: 1549:	  return _M_append(__sv.data()
        -: 1550:	      + std::__sv_check(__sv.size(), __pos, "basic_string::append"),
        -: 1551:	      std::__sv_limit(__sv.size(), __pos, __n));
        -: 1552:	}
        -: 1553:#endif // C++17
        -: 1554:
        -: 1555:      /**
        -: 1556:       *  @brief  Append a single character.
        -: 1557:       *  @param __c  Character to append.
        -: 1558:       */
        -: 1559:      _GLIBCXX20_CONSTEXPR
        -: 1560:      void
        -: 1561:      push_back(_CharT __c)
        -: 1562:      {
        -: 1563:	const size_type __size = this->size();
        -: 1564:	if (__size + 1 > this->capacity())
        -: 1565:	  this->_M_mutate(__size, size_type(0), 0, size_type(1));
        -: 1566:	traits_type::assign(this->_M_data()[__size], __c);
        -: 1567:	this->_M_set_length(__size + 1);
        -: 1568:      }
        -: 1569:
        -: 1570:      /**
        -: 1571:       *  @brief  Set value to contents of another string.
        -: 1572:       *  @param  __str  Source string to use.
        -: 1573:       *  @return  Reference to this string.
        -: 1574:       */
        -: 1575:      _GLIBCXX20_CONSTEXPR
        -: 1576:      basic_string&
        -: 1577:      assign(const basic_string& __str)
        -: 1578:      {
        -: 1579:#if __cplusplus >= 201103L
        -: 1580:	if (_Alloc_traits::_S_propagate_on_copy_assign())
        -: 1581:	  {
        -: 1582:	    if (!_Alloc_traits::_S_always_equal() && !_M_is_local()
        -: 1583:		&& _M_get_allocator() != __str._M_get_allocator())
        -: 1584:	      {
        -: 1585:		// Propagating allocator cannot free existing storage so must
        -: 1586:		// deallocate it before replacing current allocator.
        -: 1587:		if (__str.size() <= _S_local_capacity)
        -: 1588:		  {
        -: 1589:		    _M_destroy(_M_allocated_capacity);
        -: 1590:		    _M_data(_M_use_local_data());
        -: 1591:		    _M_set_length(0);
        -: 1592:		  }
        -: 1593:		else
        -: 1594:		  {
        -: 1595:		    const auto __len = __str.size();
        -: 1596:		    auto __alloc = __str._M_get_allocator();
        -: 1597:		    // If this allocation throws there are no effects:
        -: 1598:		    auto __ptr = _S_allocate(__alloc, __len + 1);
        -: 1599:		    _M_destroy(_M_allocated_capacity);
        -: 1600:		    _M_data(__ptr);
        -: 1601:		    _M_capacity(__len);
        -: 1602:		    _M_set_length(__len);
        -: 1603:		  }
        -: 1604:	      }
        -: 1605:	    std::__alloc_on_copy(_M_get_allocator(), __str._M_get_allocator());
        -: 1606:	  }
        -: 1607:#endif
        -: 1608:	this->_M_assign(__str);
        -: 1609:	return *this;
        -: 1610:      }
        -: 1611:
        -: 1612:#if __cplusplus >= 201103L
        -: 1613:      /**
        -: 1614:       *  @brief  Set value to contents of another string.
        -: 1615:       *  @param  __str  Source string to use.
        -: 1616:       *  @return  Reference to this string.
        -: 1617:       *
        -: 1618:       *  This function sets this string to the exact contents of @a __str.
        -: 1619:       *  @a __str is a valid, but unspecified string.
        -: 1620:       */
        -: 1621:      _GLIBCXX20_CONSTEXPR
        -: 1622:      basic_string&
        -: 1623:      assign(basic_string&& __str)
        -: 1624:      noexcept(_Alloc_traits::_S_nothrow_move())
        -: 1625:      {
        -: 1626:	// _GLIBCXX_RESOLVE_LIB_DEFECTS
        -: 1627:	// 2063. Contradictory requirements for string move assignment
        -: 1628:	return *this = std::move(__str);
        -: 1629:      }
        -: 1630:#endif // C++11
        -: 1631:
        -: 1632:      /**
        -: 1633:       *  @brief  Set value to a substring of a string.
        -: 1634:       *  @param __str  The string to use.
        -: 1635:       *  @param __pos  Index of the first character of str.
        -: 1636:       *  @param __n  Number of characters to use.
        -: 1637:       *  @return  Reference to this string.
        -: 1638:       *  @throw  std::out_of_range if @a pos is not a valid index.
        -: 1639:       *
        -: 1640:       *  This function sets this string to the substring of @a __str
        -: 1641:       *  consisting of @a __n characters at @a __pos.  If @a __n is
        -: 1642:       *  is larger than the number of available characters in @a
        -: 1643:       *  __str, the remainder of @a __str is used.
        -: 1644:       */
        -: 1645:      _GLIBCXX20_CONSTEXPR
        -: 1646:      basic_string&
        -: 1647:      assign(const basic_string& __str, size_type __pos, size_type __n = npos)
        -: 1648:      { return _M_replace(size_type(0), this->size(), __str._M_data()
        -: 1649:			  + __str._M_check(__pos, "basic_string::assign"),
        -: 1650:			  __str._M_limit(__pos, __n)); }
        -: 1651:
        -: 1652:      /**
        -: 1653:       *  @brief  Set value to a C substring.
        -: 1654:       *  @param __s  The C string to use.
        -: 1655:       *  @param __n  Number of characters to use.
        -: 1656:       *  @return  Reference to this string.
        -: 1657:       *
        -: 1658:       *  This function sets the value of this string to the first @a __n
        -: 1659:       *  characters of @a __s.  If @a __n is is larger than the number of
[...]
        -: 4113:{
        -: 4114:_GLIBCXX_BEGIN_NAMESPACE_VERSION
        -: 4115:_GLIBCXX_BEGIN_NAMESPACE_CXX11
        -: 4116:
        -: 4117:#if _GLIBCXX_USE_C99_STDLIB
        -: 4118:  // 21.4 Numeric Conversions [string.conversions].
        -: 4119:  inline int
        -: 4120:  stoi(const string& __str, size_t* __idx = 0, int __base = 10)
        -: 4121:  { return __gnu_cxx::__stoa<long, int>(&std::strtol, "stoi", __str.c_str(),
        -: 4122:					__idx, __base); }
        -: 4123:
        -: 4124:  inline long
        -: 4125:  stol(const string& __str, size_t* __idx = 0, int __base = 10)
        -: 4126:  { return __gnu_cxx::__stoa(&std::strtol, "stol", __str.c_str(),
        -: 4127:			     __idx, __base); }
        -: 4128:
        -: 4129:  inline unsigned long
        -: 4130:  stoul(const string& __str, size_t* __idx = 0, int __base = 10)
        -: 4131:  { return __gnu_cxx::__stoa(&std::strtoul, "stoul", __str.c_str(),
        -: 4132:			     __idx, __base); }
        -: 4133:
        -: 4134:  inline long long
        -: 4135:  stoll(const string& __str, size_t* __idx = 0, int __base = 10)
        -: 4136:  { return __gnu_cxx::__stoa(&std::strtoll, "stoll", __str.c_str(),
        -: 4137:			     __idx, __base); }
        -: 4138:
        -: 4139:  inline unsigned long long
        -: 4140:  stoull(const string& __str, size_t* __idx = 0, int __base = 10)
        -: 4141:  { return __gnu_cxx::__stoa(&std::strtoull, "stoull", __str.c_str(),
        -: 4142:			     __idx, __base); }
        -: 4143:
        -: 4144:  // NB: strtof vs strtod.
        -: 4145:  inline float
        -: 4146:  stof(const string& __str, size_t* __idx = 0)
        -: 4147:  { return __gnu_cxx::__stoa(&std::strtof, "stof", __str.c_str(), __idx); }
        -: 4148:
        -: 4149:  inline double
        -: 4150:  stod(const string& __str, size_t* __idx = 0)
        -: 4151:  { return __gnu_cxx::__stoa(&std::strtod, "stod", __str.c_str(), __idx); }
        -: 4152:
        -: 4153:  inline long double
        -: 4154:  stold(const string& __str, size_t* __idx = 0)
        -: 4155:  { return __gnu_cxx::__stoa(&std::strtold, "stold", __str.c_str(), __idx); }
        -: 4156:#endif // _GLIBCXX_USE_C99_STDLIB
        -: 4157:
        -: 4158:  // DR 1261. Insufficent overloads for to_string / to_wstring
        -: 4159:
        -: 4160:  _GLIBCXX_NODISCARD
        -: 4161:  inline string
        -: 4162:  to_string(int __val)
        -: 4163:#if _GLIBCXX_USE_CXX11_ABI && (__CHAR_BIT__ * __SIZEOF_INT__) <= 32
        -: 4164:  noexcept // any 32-bit value fits in the SSO buffer
        -: 4165:#endif
        -: 4166:  {
        -: 4167:    const bool __neg = __val < 0;
        -: 4168:    const unsigned __uval = __neg ? (unsigned)~__val + 1u : __val;
        -: 4169:    const auto __len = __detail::__to_chars_len(__uval);
        -: 4170:    string __str(__neg + __len, '-');
        -: 4171:    __detail::__to_chars_10_impl(&__str[__neg], __len, __uval);
        -: 4172:    return __str;
        -: 4173:  }
        -: 4174:
        -: 4175:  _GLIBCXX_NODISCARD
        -: 4176:  inline string
        -: 4177:  to_string(unsigned __val)
        -: 4178:#if _GLIBCXX_USE_CXX11_ABI && (__CHAR_BIT__ * __SIZEOF_INT__) <= 32
        -: 4179:  noexcept // any 32-bit value fits in the SSO buffer
        -: 4180:#endif
        -: 4181:  {
        -: 4182:    string __str(__detail::__to_chars_len(__val), '\0');
        -: 4183:    __detail::__to_chars_10_impl(&__str[0], __str.size(), __val);
        -: 4184:    return __str;
        -: 4185:  }
        -: 4186:
        -: 4187:  _GLIBCXX_NODISCARD
        -: 4188:  inline string
        -: 4189:  to_string(long __val)
        -: 4190:#if _GLIBCXX_USE_CXX11_ABI && (__CHAR_BIT__ * __SIZEOF_LONG__) <= 32
        -: 4191:  noexcept // any 32-bit value fits in the SSO buffer
        -: 4192:#endif
        -: 4193:  {
        -: 4194:    const bool __neg = __val < 0;
        -: 4195:    const unsigned long __uval = __neg ? (unsigned long)~__val + 1ul : __val;
        -: 4196:    const auto __len = __detail::__to_chars_len(__uval);
        -: 4197:    string __str(__neg + __len, '-');
        -: 4198:    __detail::__to_chars_10_impl(&__str[__neg], __len, __uval);
        -: 4199:    return __str;
        -: 4200:  }
        -: 4201:
        -: 4202:  _GLIBCXX_NODISCARD
        -: 4203:  inline string
        -: 4204:  to_string(unsigned long __val)
        -: 4205:#if _GLIBCXX_USE_CXX11_ABI && (__CHAR_BIT__ * __SIZEOF_LONG__) <= 32
        -: 4206:  noexcept // any 32-bit value fits in the SSO buffer
        -: 4207:#endif
        -: 4208:  {
        -: 4209:    string __str(__detail::__to_chars_len(__val), '\0');
        -: 4210:    __detail::__to_chars_10_impl(&__str[0], __str.size(), __val);
        -: 4211:    return __str;
        -: 4212:  }
        -: 4213:
        -: 4214:  _GLIBCXX_NODISCARD
        -: 4215:  inline string
        -: 4216:  to_string(long long __val)
        -: 4217:  {
        -: 4218:    const bool __neg = __val < 0;
        -: 4219:    const unsigned long long __uval
        -: 4220:      = __neg ? (unsigned long long)~__val + 1ull : __val;
        -: 4221:    const auto __len = __detail::__to_chars_len(__uval);
        -: 4222:    string __str(__neg + __len, '-');
        -: 4223:    __detail::__to_chars_10_impl(&__str[__neg], __len, __uval);
        -: 4224:    return __str;
        -: 4225:  }
        -: 4226:
        -: 4227:  _GLIBCXX_NODISCARD
        -: 4228:  inline string
        -: 4229:  to_string(unsigned long long __val)
        -: 4230:  {
        -: 4231:    string __str(__detail::__to_chars_len(__val), '\0');
        -: 4232:    __detail::__to_chars_10_impl(&__str[0], __str.size(), __val);
        -: 4233:    return __str;
        -: 4234:  }
        -: 4235:
        -: 4236:#if _GLIBCXX_USE_C99_STDIO
        -: 4237:  // NB: (v)snprintf vs sprintf.
        -: 4238:
        -: 4239:  _GLIBCXX_NODISCARD
        -: 4240:  inline string
        -: 4241:  to_string(float __val)
        -: 4242:  {
        -: 4243:    const int __n = 
        -: 4244:      __gnu_cxx::__numeric_traits<float>::__max_exponent10 + 20;
        -: 4245:    return __gnu_cxx::__to_xstring<string>(&std::vsnprintf, __n,
        -: 4246:					   "%f", __val);
        -: 4247:  }
        -: 4248:
        -: 4249:  _GLIBCXX_NODISCARD
        -: 4250:  inline string
        -: 4251:  to_string(double __val)
        -: 4252:  {
        -: 4253:    const int __n = 
        -: 4254:      __gnu_cxx::__numeric_traits<double>::__max_exponent10 + 20;
        -: 4255:    return __gnu_cxx::__to_xstring<string>(&std::vsnprintf, __n,
        -: 4256:					   "%f", __val);
        -: 4257:  }
        -: 4258:
        -: 4259:  _GLIBCXX_NODISCARD
        -: 4260:  inline string
        -: 4261:  to_string(long double __val)
        -: 4262:  {
        -: 4263:    const int __n = 
        -: 4264:      __gnu_cxx::__numeric_traits<long double>::__max_exponent10 + 20;
        -: 4265:    return __gnu_cxx::__to_xstring<string>(&std::vsnprintf, __n,
        -: 4266:					   "%Lf", __val);
        -: 4267:  }
        -: 4268:#endif // _GLIBCXX_USE_C99_STDIO
        -: 4269:
        -: 4270:#if defined(_GLIBCXX_USE_WCHAR_T) && _GLIBCXX_USE_C99_WCHAR
        -: 4271:  inline int 
        -: 4272:  stoi(const wstring& __str, size_t* __idx = 0, int __base = 10)
        -: 4273:  { return __gnu_cxx::__stoa<long, int>(&std::wcstol, "stoi", __str.c_str(),
        -: 4274:					__idx, __base); }
        -: 4275:
        -: 4276:  inline long 
        -: 4277:  stol(const wstring& __str, size_t* __idx = 0, int __base = 10)
        -: 4278:  { return __gnu_cxx::__stoa(&std::wcstol, "stol", __str.c_str(),
        -: 4279:			     __idx, __base); }
        -: 4280:
        -: 4281:  inline unsigned long
        -: 4282:  stoul(const wstring& __str, size_t* __idx = 0, int __base = 10)
        -: 4283:  { return __gnu_cxx::__stoa(&std::wcstoul, "stoul", __str.c_str(),
        -: 4284:			     __idx, __base); }
        -: 4285:
        -: 4286:  inline long long
        -: 4287:  stoll(const wstring& __str, size_t* __idx = 0, int __base = 10)
        -: 4288:  { return __gnu_cxx::__stoa(&std::wcstoll, "stoll", __str.c_str(),
        -: 4289:			     __idx, __base); }
        -: 4290:
        -: 4291:  inline unsigned long long
        -: 4292:  stoull(const wstring& __str, size_t* __idx = 0, int __base = 10)
        -: 4293:  { return __gnu_cxx::__stoa(&std::wcstoull, "stoull", __str.c_str(),
        -: 4294:			     __idx, __base); }
        -: 4295:
        -: 4296:  // NB: wcstof vs wcstod.
        -: 4297:  inline float
        -: 4298:  stof(const wstring& __str, size_t* __idx = 0)
        -: 4299:  { return __gnu_cxx::__stoa(&std::wcstof, "stof", __str.c_str(), __idx); }
        -: 4300:
        -: 4301:  inline double
        -: 4302:  stod(const wstring& __str, size_t* __idx = 0)
        -: 4303:  { return __gnu_cxx::__stoa(&std::wcstod, "stod", __str.c_str(), __idx); }
        -: 4304:
        -: 4305:  inline long double
        -: 4306:  stold(const wstring& __str, size_t* __idx = 0)
        -: 4307:  { return __gnu_cxx::__stoa(&std::wcstold, "stold", __str.c_str(), __idx); }
        -: 4308:
        -: 4309:#ifndef _GLIBCXX_HAVE_BROKEN_VSWPRINTF
        -: 4310:  // DR 1261.
        -: 4311:  _GLIBCXX_NODISCARD
        -: 4312:  inline wstring
        -: 4313:  to_wstring(int __val)
        -: 4314:  { return __gnu_cxx::__to_xstring<wstring>(&std::vswprintf, 4 * sizeof(int),
        -: 4315:					    L"%d", __val); }
        -: 4316:
        -: 4317:  _GLIBCXX_NODISCARD
        -: 4318:  inline wstring
        -: 4319:  to_wstring(unsigned __val)
        -: 4320:  { return __gnu_cxx::__to_xstring<wstring>(&std::vswprintf,
        -: 4321:					    4 * sizeof(unsigned),
        -: 4322:					    L"%u", __val); }
        -: 4323:
        -: 4324:  _GLIBCXX_NODISCARD
        -: 4325:  inline wstring
        -: 4326:  to_wstring(long __val)
        -: 4327:  { return __gnu_cxx::__to_xstring<wstring>(&std::vswprintf, 4 * sizeof(long),
        -: 4328:					    L"%ld", __val); }
        -: 4329:
        -: 4330:  _GLIBCXX_NODISCARD
        -: 4331:  inline wstring
        -: 4332:  to_wstring(unsigned long __val)
        -: 4333:  { return __gnu_cxx::__to_xstring<wstring>(&std::vswprintf,
        -: 4334:					    4 * sizeof(unsigned long),
        -: 4335:					    L"%lu", __val); }
        -: 4336:
        -: 4337:  _GLIBCXX_NODISCARD
        -: 4338:  inline wstring
        -: 4339:  to_wstring(long long __val)
        -: 4340:  { return __gnu_cxx::__to_xstring<wstring>(&std::vswprintf,
        -: 4341:					    4 * sizeof(long long),
        -: 4342:					    L"%lld", __val); }
        -: 4343:
        -: 4344:  _GLIBCXX_NODISCARD
        -: 4345:  inline wstring
        -: 4346:  to_wstring(unsigned long long __val)
        -: 4347:  { return __gnu_cxx::__to_xstring<wstring>(&std::vswprintf,
        -: 4348:					    4 * sizeof(unsigned long long),
        -: 4349:					    L"%llu", __val); }
        -: 4350:
        -: 4351:  _GLIBCXX_NODISCARD
        -: 4352:  inline wstring
        -: 4353:  to_wstring(float __val)
        -: 4354:  {
        -: 4355:    const int __n =
        -: 4356:      __gnu_cxx::__numeric_traits<float>::__max_exponent10 + 20;
        -: 4357:    return __gnu_cxx::__to_xstring<wstring>(&std::vswprintf, __n,
        -: 4358:					    L"%f", __val);
        -: 4359:  }
        -: 4360:
        -: 4361:  _GLIBCXX_NODISCARD
        -: 4362:  inline wstring
        -: 4363:  to_wstring(double __val)
        -: 4364:  {
        -: 4365:    const int __n =
        -: 4366:      __gnu_cxx::__numeric_traits<double>::__max_exponent10 + 20;
        -: 4367:    return __gnu_cxx::__to_xstring<wstring>(&std::vswprintf, __n,
        -: 4368:					    L"%f", __val);
        -: 4369:  }
        -: 4370:
        -: 4371:  _GLIBCXX_NODISCARD
        -: 4372:  inline wstring
        -: 4373:  to_wstring(long double __val)
        -: 4374:  {
        -: 4375:    const int __n =
        -: 4376:      __gnu_cxx::__numeric_traits<long double>::__max_exponent10 + 20;
        -: 4377:    return __gnu_cxx::__to_xstring<wstring>(&std::vswprintf, __n,
        -: 4378:					    L"%Lf", __val);
        -: 4379:  }
        -: 4380:#endif // _GLIBCXX_HAVE_BROKEN_VSWPRINTF
        -: 4381:#endif // _GLIBCXX_USE_WCHAR_T && _GLIBCXX_USE_C99_WCHAR
        -: 4382:
        -: 4383:_GLIBCXX_END_NAMESPACE_CXX11
        -: 4384:_GLIBCXX_END_NAMESPACE_VERSION
        -: 4385:} // namespace
        -: 4386:
        -: 4387:#endif /* C++11 */
        -: 4388:
        -: 4389:#if __cplusplus >= 201103L
        -: 4390:
        -: 4391:#include <bits/functional_hash.h>
        -: 4392:
        -: 4393:namespace std _GLIBCXX_VISIBILITY(default)
        -: 4394:{
        -: 4395:_GLIBCXX_BEGIN_NAMESPACE_VERSION
        -: 4396:
        -: 4397:  // _GLIBCXX_RESOLVE_LIB_DEFECTS
        -: 4398:  // 3705. Hashability shouldn't depend on basic_string's allocator
        -: 4399:
        -: 4400:  template<typename _CharT, typename _Alloc,
        -: 4401:	   typename _StrT = basic_string<_CharT, char_traits<_CharT>, _Alloc>>
        -: 4402:    struct __str_hash_base
        -: 4403:    : public __hash_base<size_t, _StrT>
        -: 4404:    {
        -: 4405:      [[__nodiscard__]]
        -: 4406:      size_t
        -: 4407:      operator()(const _StrT& __s) const noexcept
        -: 4408:      { return _Hash_impl::hash(__s.data(), __s.length() * sizeof(_CharT)); }
        -: 4409:    };
        -: 4410:
        -: 4411:#ifndef _GLIBCXX_COMPATIBILITY_CXX0X
        -: 4412:  /// std::hash specialization for string.
        -: 4413:  template<typename _Alloc>
        -: 4414:    struct hash<basic_string<char, char_traits<char>, _Alloc>>
        -: 4415:    : public __str_hash_base<char, _Alloc>
        -: 4416:    { };
        -: 4417:
        -: 4418:  /// std::hash specialization for wstring.
        -: 4419:  template<typename _Alloc>
        -: 4420:    struct hash<basic_string<wchar_t, char_traits<wchar_t>, _Alloc>>
        -: 4421:    : public __str_hash_base<wchar_t, _Alloc>
        -: 4422:    { };
        -: 4423:
        -: 4424:  template<typename _Alloc>
        -: 4425:    struct __is_fast_hash<hash<basic_string<wchar_t, char_traits<wchar_t>,
        -: 4426:					    _Alloc>>>
        -: 4427:    : std::false_type
        -: 4428:    { };
        -: 4429:#endif /* _GLIBCXX_COMPATIBILITY_CXX0X */
        -: 4430:
        -: 4431:#ifdef _GLIBCXX_USE_CHAR8_T
        -: 4432:  /// std::hash specialization for u8string.
        -: 4433:  template<typename _Alloc>
        -: 4434:    struct hash<basic_string<char8_t, char_traits<char8_t>, _Alloc>>
        -: 4435:    : public __str_hash_base<char8_t, _Alloc>
        -: 4436:    { };
        -: 4437:#endif
        -: 4438:
        -: 4439:  /// std::hash specialization for u16string.
        -: 4440:  template<typename _Alloc>
        -: 4441:    struct hash<basic_string<char16_t, char_traits<char16_t>, _Alloc>>
        -: 4442:    : public __str_hash_base<char16_t, _Alloc>
        -: 4443:    { };
        -: 4444:
        -: 4445:  /// std::hash specialization for u32string.
        -: 4446:  template<typename _Alloc>
        -: 4447:    struct hash<basic_string<char32_t, char_traits<char32_t>, _Alloc>>
        -: 4448:    : public __str_hash_base<char32_t, _Alloc>
        -: 4449:    { };
        -: 4450:
        -: 4451:#if ! _GLIBCXX_INLINE_VERSION
        -: 4452:  // PR libstdc++/105907 - __is_fast_hash affects unordered container ABI.
        -: 4453:  template<> struct __is_fast_hash<hash<string>> : std::false_type { };
        -: 4454:  template<> struct __is_fast_hash<hash<wstring>> : std::false_type { };
        -: 4455:  template<> struct __is_fast_hash<hash<u16string>> : std::false_type { };
        -: 4456:  template<> struct __is_fast_hash<hash<u32string>> : std::false_type { };
        -: 4457:#ifdef _GLIBCXX_USE_CHAR8_T
        -: 4458:  template<> struct __is_fast_hash<hash<u8string>> : std::false_type { };
        -: 4459:#endif
        -: 4460:#else
        -: 4461:  // For versioned namespace, assume every std::hash<basic_string<>> is slow.
        -: 4462:  template<typename _CharT, typename _Traits, typename _Alloc>
        -: 4463:    struct __is_fast_hash<hash<basic_string<_CharT, _Traits, _Alloc>>>
        -: 4464:    : std::false_type
        -: 4465:    { };
        -: 4466:#endif
        -: 4467:
        -: 4468:#if __cplusplus >= 201402L
        -: 4469:
        -: 4470:#define __cpp_lib_string_udls 201304L
        -: 4471:
        -: 4472:  inline namespace literals
        -: 4473:  {
        -: 4474:  inline namespace string_literals
        -: 4475:  {
        -: 4476:#pragma GCC diagnostic push
        -: 4477:#pragma GCC diagnostic ignored "-Wliteral-suffix"
        -: 4478:
        -: 4479:#if __cpp_lib_constexpr_string >= 201907L
        -: 4480:# define _GLIBCXX_STRING_CONSTEXPR constexpr
        -: 4481:#else
        -: 4482:# define _GLIBCXX_STRING_CONSTEXPR
        -: 4483:#endif
        -: 4484:
        -: 4485:    _GLIBCXX_DEFAULT_ABI_TAG _GLIBCXX_STRING_CONSTEXPR
        -: 4486:    inline basic_string<char>
        -: 4487:    operator""s(const char* __str, size_t __len)
        -: 4488:    { return basic_string<char>{__str, __len}; }
        -: 4489:
        -: 4490:    _GLIBCXX_DEFAULT_ABI_TAG _GLIBCXX_STRING_CONSTEXPR
        -: 4491:    inline basic_string<wchar_t>
        -: 4492:    operator""s(const wchar_t* __str, size_t __len)
        -: 4493:    { return basic_string<wchar_t>{__str, __len}; }
        -: 4494:
        -: 4495:#ifdef _GLIBCXX_USE_CHAR8_T
        -: 4496:    _GLIBCXX_DEFAULT_ABI_TAG _GLIBCXX_STRING_CONSTEXPR
        -: 4497:    inline basic_string<char8_t>
        -: 4498:    operator""s(const char8_t* __str, size_t __len)
        -: 4499:    { return basic_string<char8_t>{__str, __len}; }
        -: 4500:#endif
        -: 4501:
        -: 4502:    _GLIBCXX_DEFAULT_ABI_TAG _GLIBCXX_STRING_CONSTEXPR
        -: 4503:    inline basic_string<char16_t>
        -: 4504:    operator""s(const char16_t* __str, size_t __len)
        -: 4505:    { return basic_string<char16_t>{__str, __len}; }
        -: 4506:
        -: 4507:    _GLIBCXX_DEFAULT_ABI_TAG _GLIBCXX_STRING_CONSTEXPR
        -: 4508:    inline basic_string<char32_t>
        -: 4509:    operator""s(const char32_t* __str, size_t __len)
        -: 4510:    { return basic_string<char32_t>{__str, __len}; }
        -: 4511:
        -: 4512:#undef _GLIBCXX_STRING_CONSTEXPR
        -: 4513:#pragma GCC diagnostic pop
        -: 4514:  } // inline namespace string_literals
        -: 4515:  } // inline namespace literals
        -: 4516:
        -: 4517:#if __cplusplus >= 201703L
        -: 4518:  namespace __detail::__variant
        -: 4519:  {
        -: 4520:    template<typename> struct _Never_valueless_alt; // see <variant>
        -: 4521:
        -: 4522:    // Provide the strong exception-safety guarantee when emplacing a
        -: 4523:    // basic_string into a variant, but only if moving the string cannot throw.
        -: 4524:    template<typename _Tp, typename _Traits, typename _Alloc>
        -: 4525:      struct _Never_valueless_alt<std::basic_string<_Tp, _Traits, _Alloc>>
        -: 4526:      : __and_<
        -: 4527:	is_nothrow_move_constructible<std::basic_string<_Tp, _Traits, _Alloc>>,
        -: 4528:	is_nothrow_move_assignable<std::basic_string<_Tp, _Traits, _Alloc>>
        -: 4529:	>::type
        -: 4530:      { };
        -: 4531:  }  // namespace __detail::__variant
        -: 4532:#endif // C++17
        -: 4533:#endif // C++14
        -: 4534:
        -: 4535:_GLIBCXX_END_NAMESPACE_VERSION
        -: 4536:} // namespace std
        -: 4537:
        -: 4538:#endif // C++11
        -: 4539:
        -: 4540:#endif /* _BASIC_STRING_H */
